<?xml version="1.0" encoding="UTF-8"?>
<testsuite xmlns:xsi="http://www.w3.org/2001/XMLSchema-instance" xsi:noNamespaceSchemaLocation="https://maven.apache.org/surefire/maven-surefire-plugin/xsd/surefire-test-report-3.0.xsd" version="3.0" name="com.example.karate.ApiTest" time="4.649" tests="2" errors="0" skipped="0" failures="0">
  <properties>
[...]
</properties>
  <testcase name="[1:13] Inicio de sesión exitoso" classname="karate/features/login" time="2.375">
    <system-out><![CDATA[13:53:52.671 [main] DEBUG com.intuit.karate.Suite -- [config] classpath:karate-config.js
13:53:53.308 [main] DEBUG com.intuit.karate.core.ScenarioEngine -- over-writing existing variable 'baseUrl' with new value: karate.get('baseUrl')
13:53:53.460 [main] DEBUG org.apache.http.client.protocol.RequestAddCookies -- CookieSpec selected: karate
13:53:53.464 [main] DEBUG org.apache.http.client.protocol.RequestAuthCache -- Auth cache not set in the context
13:53:53.466 [main] DEBUG com.intuit.karate -- request:
1 > GET https://opensource-demo.orangehrmlive.com/web/index.php/auth/login
1 > Host: opensource-demo.orangehrmlive.com
1 > Connection: Keep-Alive
1 > User-Agent: Apache-HttpClient/4.5.14 (Java/21.0.5)
1 > Accept-Encoding: gzip,deflate


13:53:53.467 [main] DEBUG org.apache.http.impl.conn.PoolingHttpClientConnectionManager -- Connection request: [route: {s}->https://opensource-demo.orangehrmlive.com:443][total available: 0; route allocated: 0 of 5; total allocated: 0 of 10]
13:53:53.471 [main] DEBUG org.apache.http.impl.conn.PoolingHttpClientConnectionManager -- Connection leased: [id: 0][route: {s}->https://opensource-demo.orangehrmlive.com:443][total available: 0; route allocated: 1 of 5; total allocated: 1 of 10]
13:53:53.472 [main] DEBUG org.apache.http.impl.execchain.MainClientExec -- Opening connection {s}->https://opensource-demo.orangehrmlive.com:443
13:53:53.617 [main] DEBUG org.apache.http.impl.conn.DefaultHttpClientConnectionOperator -- Connecting to opensource-demo.orangehrmlive.com/34.205.40.6:443
13:53:53.617 [main] DEBUG org.apache.http.conn.ssl.SSLConnectionSocketFactory -- Connecting socket to opensource-demo.orangehrmlive.com/34.205.40.6:443 with timeout 30000
13:53:53.732 [main] DEBUG org.apache.http.conn.ssl.SSLConnectionSocketFactory -- Enabled protocols: [TLSv1.3, TLSv1.2]
13:53:53.732 [main] DEBUG org.apache.http.conn.ssl.SSLConnectionSocketFactory -- Enabled cipher suites:[TLS_AES_256_GCM_SHA384, TLS_AES_128_GCM_SHA256, TLS_CHACHA20_POLY1305_SHA256, TLS_ECDHE_ECDSA_WITH_AES_256_GCM_SHA384, TLS_ECDHE_ECDSA_WITH_AES_128_GCM_SHA256, TLS_ECDHE_ECDSA_WITH_CHACHA20_POLY1305_SHA256, TLS_ECDHE_RSA_WITH_AES_256_GCM_SHA384, TLS_ECDHE_RSA_WITH_CHACHA20_POLY1305_SHA256, TLS_ECDHE_RSA_WITH_AES_128_GCM_SHA256, TLS_DHE_RSA_WITH_AES_256_GCM_SHA384, TLS_DHE_RSA_WITH_CHACHA20_POLY1305_SHA256, TLS_DHE_DSS_WITH_AES_256_GCM_SHA384, TLS_DHE_RSA_WITH_AES_128_GCM_SHA256, TLS_DHE_DSS_WITH_AES_128_GCM_SHA256, TLS_ECDHE_ECDSA_WITH_AES_256_CBC_SHA384, TLS_ECDHE_RSA_WITH_AES_256_CBC_SHA384, TLS_ECDHE_ECDSA_WITH_AES_128_CBC_SHA256, TLS_ECDHE_RSA_WITH_AES_128_CBC_SHA256, TLS_DHE_RSA_WITH_AES_256_CBC_SHA256, TLS_DHE_DSS_WITH_AES_256_CBC_SHA256, TLS_DHE_RSA_WITH_AES_128_CBC_SHA256, TLS_DHE_DSS_WITH_AES_128_CBC_SHA256, TLS_ECDHE_ECDSA_WITH_AES_256_CBC_SHA, TLS_ECDHE_RSA_WITH_AES_256_CBC_SHA, TLS_ECDHE_ECDSA_WITH_AES_128_CBC_SHA, TLS_ECDHE_RSA_WITH_AES_128_CBC_SHA, TLS_DHE_RSA_WITH_AES_256_CBC_SHA, TLS_DHE_DSS_WITH_AES_256_CBC_SHA, TLS_DHE_RSA_WITH_AES_128_CBC_SHA, TLS_DHE_DSS_WITH_AES_128_CBC_SHA, TLS_RSA_WITH_AES_256_GCM_SHA384, TLS_RSA_WITH_AES_128_GCM_SHA256, TLS_RSA_WITH_AES_256_CBC_SHA256, TLS_RSA_WITH_AES_128_CBC_SHA256, TLS_RSA_WITH_AES_256_CBC_SHA, TLS_RSA_WITH_AES_128_CBC_SHA, TLS_EMPTY_RENEGOTIATION_INFO_SCSV]
13:53:53.732 [main] DEBUG org.apache.http.conn.ssl.SSLConnectionSocketFactory -- Starting handshake
13:53:53.914 [main] DEBUG org.apache.http.conn.ssl.SSLConnectionSocketFactory -- Secure session established
13:53:53.914 [main] DEBUG org.apache.http.conn.ssl.SSLConnectionSocketFactory --  negotiated protocol: TLSv1.3
13:53:53.914 [main] DEBUG org.apache.http.conn.ssl.SSLConnectionSocketFactory --  negotiated cipher suite: TLS_AES_256_GCM_SHA384
13:53:53.914 [main] DEBUG org.apache.http.conn.ssl.SSLConnectionSocketFactory --  peer principal: CN=*.orangehrmlive.com
13:53:53.914 [main] DEBUG org.apache.http.conn.ssl.SSLConnectionSocketFactory --  peer alternative names: [*.orangehrmlive.com, orangehrmlive.com]
13:53:53.914 [main] DEBUG org.apache.http.conn.ssl.SSLConnectionSocketFactory --  issuer principal: CN=GeoTrust TLS RSA CA G1, OU=www.digicert.com, O=DigiCert Inc, C=US
13:53:53.916 [main] DEBUG org.apache.http.impl.conn.DefaultHttpClientConnectionOperator -- Connection established 192.168.1.69:49709<->34.205.40.6:443
13:53:53.916 [main] DEBUG org.apache.http.impl.conn.DefaultManagedHttpClientConnection -- http-outgoing-0: set socket timeout to 30000
13:53:53.916 [main] DEBUG org.apache.http.impl.execchain.MainClientExec -- Executing request GET /web/index.php/auth/login HTTP/1.1
13:53:53.916 [main] DEBUG org.apache.http.impl.execchain.MainClientExec -- Target auth state: UNCHALLENGED
13:53:53.916 [main] DEBUG org.apache.http.impl.execchain.MainClientExec -- Proxy auth state: UNCHALLENGED
13:53:53.917 [main] DEBUG org.apache.http.headers -- http-outgoing-0 >> GET /web/index.php/auth/login HTTP/1.1
13:53:53.917 [main] DEBUG org.apache.http.headers -- http-outgoing-0 >> Host: opensource-demo.orangehrmlive.com
13:53:53.917 [main] DEBUG org.apache.http.headers -- http-outgoing-0 >> Connection: Keep-Alive
13:53:53.917 [main] DEBUG org.apache.http.headers -- http-outgoing-0 >> User-Agent: Apache-HttpClient/4.5.14 (Java/21.0.5)
13:53:53.917 [main] DEBUG org.apache.http.headers -- http-outgoing-0 >> Accept-Encoding: gzip,deflate
13:53:53.917 [main] DEBUG org.apache.http.wire -- http-outgoing-0 >> "GET /web/index.php/auth/login HTTP/1.1[\r][\n]"
13:53:53.917 [main] DEBUG org.apache.http.wire -- http-outgoing-0 >> "Host: opensource-demo.orangehrmlive.com[\r][\n]"
13:53:53.917 [main] DEBUG org.apache.http.wire -- http-outgoing-0 >> "Connection: Keep-Alive[\r][\n]"
13:53:53.917 [main] DEBUG org.apache.http.wire -- http-outgoing-0 >> "User-Agent: Apache-HttpClient/4.5.14 (Java/21.0.5)[\r][\n]"
13:53:53.917 [main] DEBUG org.apache.http.wire -- http-outgoing-0 >> "Accept-Encoding: gzip,deflate[\r][\n]"
13:53:53.917 [main] DEBUG org.apache.http.wire -- http-outgoing-0 >> "[\r][\n]"
13:53:54.100 [main] DEBUG org.apache.http.wire -- http-outgoing-0 << "HTTP/1.1 200 OK[\r][\n]"
13:53:54.100 [main] DEBUG org.apache.http.wire -- http-outgoing-0 << "Server: nginx[\r][\n]"
13:53:54.100 [main] DEBUG org.apache.http.wire -- http-outgoing-0 << "Date: Sun, 07 Dec 2025 18:53:54 GMT[\r][\n]"
13:53:54.100 [main] DEBUG org.apache.http.wire -- http-outgoing-0 << "Content-Type: text/html; charset=UTF-8[\r][\n]"
13:53:54.100 [main] DEBUG org.apache.http.wire -- http-outgoing-0 << "Transfer-Encoding: chunked[\r][\n]"
13:53:54.100 [main] DEBUG org.apache.http.wire -- http-outgoing-0 << "Connection: keep-alive[\r][\n]"
13:53:54.101 [main] DEBUG org.apache.http.wire -- http-outgoing-0 << "Set-Cookie: orangehrm=p2larosgk02a71gkfvofl00ji3; path=/web; secure; HttpOnly; SameSite=Lax[\r][\n]"
13:53:54.101 [main] DEBUG org.apache.http.wire -- http-outgoing-0 << "Cache-Control: no-cache, private[\r][\n]"
13:53:54.101 [main] DEBUG org.apache.http.wire -- http-outgoing-0 << "Vary: Accept-Encoding[\r][\n]"
13:53:54.101 [main] DEBUG org.apache.http.wire -- http-outgoing-0 << "Content-Encoding: gzip[\r][\n]"
13:53:54.101 [main] DEBUG org.apache.http.wire -- http-outgoing-0 << "X-Content-Type-Options: nosniff[\r][\n]"
13:53:54.101 [main] DEBUG org.apache.http.wire -- http-outgoing-0 << "X-XSS-Protection: 1; mode=block[\r][\n]"
13:53:54.101 [main] DEBUG org.apache.http.wire -- http-outgoing-0 << "Strict-Transport-Security: max-age=31536000; includeSubdomains; [\r][\n]"
13:53:54.101 [main] DEBUG org.apache.http.wire -- http-outgoing-0 << "Content-Security-Policy: default-src 'self' *.projects-abroad.net fonts.googleapis.com fonts.gstatic.com code.jquery.com maxcdn.bootstrapcdn.com ajax.googleapis.com cdnjs.cloudflare.com native.testing.equest.com www.google.com *.docusign.net www.youtube.com youtu.be player.vimeo.com docs.google.com 'unsafe-inline' 'unsafe-eval' data: font;frame-src 'self' www.youtube.com www.vimeo.com vimeo.com www.yahoo.com www.dailymotion.com www.metacafe.com www.ustream.tv native.testing.equest.com sandbox.e-signlive.com *.orangehrmlive.com *.orangehrm.com *.amazonaws.com;connect-src 'self' *.orangehrm.com *.orangehrmlive.com;worker-src blob: 'self';img-src * 'self' data: blob:[\r][\n]"
13:53:54.101 [main] DEBUG org.apache.http.wire -- http-outgoing-0 << "client_max_body_size: 50M[\r][\n]"
13:53:54.101 [main] DEBUG org.apache.http.wire -- http-outgoing-0 << "Public-Key-Pins: pin-sha256="Md7QJIL/UMqdHaS73pEkLHm5ofUUE35+r4SYdM014/E=";pin-sha256="blgmjf3Tb3C0sUqb7jo4axiZAnr327fX0ycrUGqjw2k=";pin-sha256="puCdyuZdXoDc5jSdcGKU6mdjd0VNq16yoaO2BcDF36A=";pin-sha256="yQhO6YqQX5Y/NxyHAjXnI3jOtYWUm/TtRr666RunXRg="; pin-sha256="Slt48iBVTjuRQJTjbzopminRrHSGtndY0/sj0lFf9Qk="; max-age=63072000; includeSubDomains[\r][\n]"
13:53:54.101 [main] DEBUG org.apache.http.wire -- http-outgoing-0 << "[\r][\n]"
13:53:54.101 [main] DEBUG org.apache.http.wire -- http-outgoing-0 << "496[\r][\n]"
13:53:54.101 [main] DEBUG org.apache.http.wire -- http-outgoing-0 << "[0x1f][0x8b][0x8][0x0][0x0][0x0][0x0][0x0][0x0][0x3][0xac]Wko[0xdb]6[0x14][0xfd][0xde]_[0xc1]i@[0xbb][0x1][0xd6];[0xf2]#[0x91]<$n[0xd2]yX[0xe7]`[0xb1][0xdd][0xa4][0xeb]PP"-1[0xa1]D[0x85][0xa2][0xa5][0x18]C[0xff][0xfb]([0xcb][0x8a]e[0xd7][0xb5][0x9d][0xad][0xfa] [[0xe2]=[0x87][0xc7][0xbc][0xf7][0x92][0xc7][0xee][0xf]oG[0x83][0xf1][0xdd][0xf5]%[0x88]DL[0xfb][0xaf][0xdc][0xfa][0x3]C[0xd4][0x5][0x80][0x1b]c[0x1]A[0x10]A[0x9e]a[0xe1])[0x93][0xf1][0x95][0xda]U[0xd6][0x3][0x91][0x10][0xa9][0x8a][0x1f][0xe7]$[0xf7][0x94][ur[0xae][0xe]X[0x9c]BA|[0x8a][0x15][0x10][0xb0]D[0xe0]D[0xa2][0x86][0x97][0x1e]F!n[0xe0][0x12][0x18]cO[0xc9][0x9].R[0xc6]E#[0xb4] HD[0x1e][0xc2]9[0x9][0xb0][0xba]|h[0x91][0x84][0x8][0x2][0xa9][0x9a][0x5][0x90]b[0xcf][0xac]X[0x4][0x11][0x14][0xf7]G[0x1c]&![0xfe][0xf5][0xcf][0xf7][0xae]^[0xbd][0x90]C[0xe5][0xe5]R[0x92]<[0x0][0x8e][0xa9][0xa7][0x10]I[0xad][0x80][0x88][0xe3][0x99][0xa7][0xe8][0x5][0xf6]uD2[0xa1][0xcf]`^[0xe]h[0xf2][0xf6]K[0xee][0x99][0x1d][0xcb][0xb4]{[0xb6][0xd9][0xeb][0xd9]FO[0xa9]H*[0x8a]m\[0x90]ez[0x10][0xcd][0x93][0x7]5[0xc7][0x9]b<[0xd3][0xe4][0x9b][0xaf][0x18][0xaa][0x99]Syg[0x10])[0x0]f[0x9e][0x92][0x89][0x5][0xc5][0x7][0xa9]a[0x9a]~?[0xc2][0xfb]m[0xa9][0xf7][0xc7][0x11][0x7][0x9c][0xa4][0xe2][0x10]s[0xa9][0xf4]?[0xf0]}[0x8f]u][0xfe][0xf2],[0xc2]X([0xfa][0xff][[0xd0]M&W[0xaf][0x8a][0xde][0xf5][0x19]Z,[0x8b]l9^Mq[0xca][0x19][0x13][0xe0][0x9f][0xd5][0x8f][0xa8].UeOHM9[0x89]!_[0xa8],[0xc1]j[0xc0]([0xe3][0xa7]?^]u.[0xcc][0xb7]g{[0x82]g[0xb2][0xde][0xd7][0xd1][0xe5][0xb5]+:[0xc3][0xb2]FQ[0x15]?[0xe7]u|[0xa7]}1[0xb0][0xcc]C[0xf1][0xc7][0xf0][0xd7]jB[0xe][0x11][0x91][0xed][0xa7]f[0x2][0xf2][0x6][0xae]g[0x19][0x17]G[0xe1]d[0xce][0x9e]Q[0xb6]30;[0xfb][0xd5][0xbd]t[0xbe][0x1d][0xc8][0xa3]fl[0xa6][0x86][0x92]0[0x92][[0x8c][0xea][0xd4][0xb0][0xd9][0xac][0xb][0xed][0xa3]a[0xb6][0xb1][0xc6][0xa1][0x13][0xbf]}[0x8]'[0xd5]>l[0xce][0xd6][0xe][0xc][0xfb][0x10][\n]"
13:53:54.101 [main] DEBUG org.apache.http.wire -- http-outgoing-0 << "[0xd2]4[0x82][0xaa]Y[0xcf][0xc5]C[0x1f][0xfe]d9N[0xb][0x98][0x96][0xdd][0x2]V[0xaf][0x5][0xc][0xcd][0xfc][0xf9]H[0x16]g/[0x8b]s$[0x8d][0xb5]W[0x8c]u$[0x8b][0xb3][0x97]e[0xb7][0x96][0xad][0xea][0xff]*[0x81][0xdd][0x13]dY[0xce][0x11][0xc8][0xed]\[0xb4][0xbb][0xb0]m[0xa2]#[0x80][0xbb][0xd2]a[0x9a]][0xa9][0xbd]+o[0xb6][0xfd][0xed]t[0xec]&r[0xf6][0x12][0x1d][0xb5][\n]"
13:53:54.102 [main] DEBUG org.apache.http.wire -- http-outgoing-0 << "[0xbb][0x92][0xb2][0xcd][0xb4];);[0x89][0x9c][0xbd]DME_[0xca][\r]Qo[0xec][0x88]n[0xc2][0xaa][0xad][0xbd][0xff][0x1c]#7L[0xce][0x92][0xb0][0xbf]1[0xfb][0x7][0xfc][0x86]c[0x90]1[0xce][0x17][0xc0][0x9f][0xb][0xc0][0x96]gv[0xc4]c[0x80][0x18][0xce][0x92]7[0x2][0x14][0x8c]?[0x80][0x94][0xb3][0x14]s[0xba][0x0][0x5][0x11][0x11][0x93]q[0xbf][0xc1][0x1c][0xde],'[0x0]8[0x81][0xd2]P [\r]\S[0xc]3[0xbc]z[0x6]D[0x0][0xc1][0x96][0xd6][0x81]$s[0xac][0xad]e[0xe8]M[0x1d][0xae][0xbe][0x16]Z[0xbd]@$[0x7][0x4]y[0x8a]<[0x1c][0xea]c[0xe][0xce]E[0xa4]R[0x16][0x92]dC[0xfb][0xa9]`[0xb2]r<[0xe5][0xf5][0xe3][0x9c][0x89][0xb3][0x8e][0xd1][0xe9]9N[0xf][0xc1][0xc0]A[0x86]o[0xf7]p[0xb7][0x87][0x1d][0xd8][0xee][0xb6][\r]m[0xe4][0xa7][0xef]{[0xe3][0xd1][0xf9]c[0xd2])[0x8a][0xe9][0xc7]|[0xf2][0xe1]n :i<}[0xea][0xd2][0xf3][0xb]q9[0xf2][0x1f][0xc6][0xb3][0x91]}EB[0xed]v8[0x9c]>M[0xc6][0x86]Q[0xb4]O[0x1e][0xa3]K~7[0x1e][0xe6][0xdd]kc[0xf0][0xf1][0xb2]{[0xf3][0xc7][0xf4]n:[0xbe]V[0x17][0x9d]4[0xbf][0x1b][0x19][0xd3][0xc9][0x9][0x99];[0xb7][0xf3][0xdb]d[0xe2][0xb4][0xdf]][0x15][0x95][0xc]eS[0xe2]Ru[0xa9][0x9d][0xa9][0x19][0xf]j[0xad][0x9f][0xca]s[0xf0][0x93].[0xfb]0[0xc4][0xd9]'[0x9d][0xc9][0xf5][0xfe]\[0xc6]hi[0x12][0xee][0xa1][0xf1]a[0x92]`~[0x88][0xc8][0x97])D$[0x9]K[0xb2][0xed][0xa3]u'y[0x16][0xb1]B[0xcd]XP[0xda][0xb8][0x18]#[0x2]=E[0xf0]9[0xde][0x8a]"[0x99][0x8a]p[0xcc][0xd4][0x98]![0xbc]3[0xa0][0xcc][0x92][0xdc][0xfc]I[0x0][0x85][0xb4][0x8][0x9e][0xf2][0xd7][0xdf][0xeb][0x80]U"[0x5][0x8e]S[\n]"
13:53:54.102 [main] DEBUG org.apache.http.wire -- http-outgoing-0 << "[0x5][0x6][0xb9][0x9a]Q&Ng[0xf2][0xd8][0xc6][0xbc]Q[0xa2]e[0xf2][0x3][\n]"
13:53:54.102 [main] DEBUG org.apache.http.wire -- http-outgoing-0 << "3[0x9][0xae]D[0xd9][0x3][0xe9][0x82][0x97][0xfb][0x8b]ZpY[0x15][0x98]+[0x9b]5[0xec][0x96][\r]$[0xf0][0x93],8[0x18]J[0xa3][0xec][0xa1]P[0xd6][0xae][0x14][0x8c]n[0x80][0xa3]u\[0xbd][0x86]Ks[0xf1]"[0xa6][0xd7][0xe5][0xf7]3`[0x19][0x86][0x3]T[0xf9]a9[0xb2]TWF[0xa7][0xb4][0xde][0xa7][0xba]^[0x14][0x85][0xf6][0x8c][0xd5][0x2][0x16]+[0x92][0x99][0x87][0xa5]Y[0xff][0xec]S[0x98]<4[0xf4][0xb4][0xc0]0[0x9]\[0x1d][0xf6]5pN)XN[0x92]I+[0x94]a[0x9e][0xcb][0xf6]j[0xea]\[0xf7][0x92]\[0xb0][0xba][0x91][0xea][0xc5][0xad][0x9f][0xd7]]S[0xbf]Y[0x7]W-[0x7][0xc4]"-s)9[0xf5]{[0xd9][0xd0][f[0x10][0xc8]n[0x97]v[0xaf][0xd0][0xe4][0xa2][0xbf][0xa3][0xcc][0x87][0x14]x[0x1b]&[0xcb][0x97][0xed]>[0xe1][0xf4][0x14]T[0xbe]N[0x6][0xe3]'-[0x8d]R[0xa5][0xd5][0x8]J[0xe7]>%[0xc1]5[0x14][0xd1]*[0xae]1[0xfa][0xe5]l[0xa5][0xac][0xb9]W[0xd5][0xe2][0x96]e[0xfe]2[0xc3][0xdc]?[0x96][0xe9][0x1b][0x6][0xb9][0x81]w[0xf5][0xca]hJ[0xdf][0xb9][0xfc][0xcf][0xf5]/[0x0][0x0][0x0][0xff][0xff][0x3][0x0][0xa7][0xa2][0xe2][0x15][0x8b][\r][0x0][0x0][\r][\n]"
13:53:54.102 [main] DEBUG org.apache.http.wire -- http-outgoing-0 << "0[\r][\n]"
13:53:54.102 [main] DEBUG org.apache.http.wire -- http-outgoing-0 << "[\r][\n]"
13:53:54.103 [main] DEBUG org.apache.http.headers -- http-outgoing-0 << HTTP/1.1 200 OK
13:53:54.103 [main] DEBUG org.apache.http.headers -- http-outgoing-0 << Server: nginx
13:53:54.103 [main] DEBUG org.apache.http.headers -- http-outgoing-0 << Date: Sun, 07 Dec 2025 18:53:54 GMT
13:53:54.103 [main] DEBUG org.apache.http.headers -- http-outgoing-0 << Content-Type: text/html; charset=UTF-8
13:53:54.103 [main] DEBUG org.apache.http.headers -- http-outgoing-0 << Transfer-Encoding: chunked
13:53:54.103 [main] DEBUG org.apache.http.headers -- http-outgoing-0 << Connection: keep-alive
13:53:54.103 [main] DEBUG org.apache.http.headers -- http-outgoing-0 << Set-Cookie: orangehrm=p2larosgk02a71gkfvofl00ji3; path=/web; secure; HttpOnly; SameSite=Lax
13:53:54.103 [main] DEBUG org.apache.http.headers -- http-outgoing-0 << Cache-Control: no-cache, private
13:53:54.103 [main] DEBUG org.apache.http.headers -- http-outgoing-0 << Vary: Accept-Encoding
13:53:54.103 [main] DEBUG org.apache.http.headers -- http-outgoing-0 << Content-Encoding: gzip
13:53:54.103 [main] DEBUG org.apache.http.headers -- http-outgoing-0 << X-Content-Type-Options: nosniff
13:53:54.103 [main] DEBUG org.apache.http.headers -- http-outgoing-0 << X-XSS-Protection: 1; mode=block
13:53:54.103 [main] DEBUG org.apache.http.headers -- http-outgoing-0 << Strict-Transport-Security: max-age=31536000; includeSubdomains; 
13:53:54.103 [main] DEBUG org.apache.http.headers -- http-outgoing-0 << Content-Security-Policy: default-src 'self' *.projects-abroad.net fonts.googleapis.com fonts.gstatic.com code.jquery.com maxcdn.bootstrapcdn.com ajax.googleapis.com cdnjs.cloudflare.com native.testing.equest.com www.google.com *.docusign.net www.youtube.com youtu.be player.vimeo.com docs.google.com 'unsafe-inline' 'unsafe-eval' data: font;frame-src 'self' www.youtube.com www.vimeo.com vimeo.com www.yahoo.com www.dailymotion.com www.metacafe.com www.ustream.tv native.testing.equest.com sandbox.e-signlive.com *.orangehrmlive.com *.orangehrm.com *.amazonaws.com;connect-src 'self' *.orangehrm.com *.orangehrmlive.com;worker-src blob: 'self';img-src * 'self' data: blob:
13:53:54.103 [main] DEBUG org.apache.http.headers -- http-outgoing-0 << client_max_body_size: 50M
13:53:54.103 [main] DEBUG org.apache.http.headers -- http-outgoing-0 << Public-Key-Pins: pin-sha256="Md7QJIL/UMqdHaS73pEkLHm5ofUUE35+r4SYdM014/E=";pin-sha256="blgmjf3Tb3C0sUqb7jo4axiZAnr327fX0ycrUGqjw2k=";pin-sha256="puCdyuZdXoDc5jSdcGKU6mdjd0VNq16yoaO2BcDF36A=";pin-sha256="yQhO6YqQX5Y/NxyHAjXnI3jOtYWUm/TtRr666RunXRg="; pin-sha256="Slt48iBVTjuRQJTjbzopminRrHSGtndY0/sj0lFf9Qk="; max-age=63072000; includeSubDomains
13:53:54.105 [main] DEBUG org.apache.http.impl.execchain.MainClientExec -- Connection can be kept alive indefinitely
13:53:54.106 [main] DEBUG org.apache.http.client.protocol.ResponseProcessCookies -- Cookie accepted [orangehrm="p2larosgk02a71gkfvofl00ji3", version:0, domain:opensource-demo.orangehrmlive.com, path:/web, expiry:null]
13:53:54.107 [main] DEBUG org.apache.http.impl.conn.DefaultManagedHttpClientConnection -- http-outgoing-0: Close connection
13:53:54.204 [main] DEBUG org.apache.http.impl.execchain.MainClientExec -- Connection discarded
13:53:54.204 [main] DEBUG org.apache.http.impl.conn.PoolingHttpClientConnectionManager -- Connection released: [id: 0][route: {s}->https://opensource-demo.orangehrmlive.com:443][total available: 0; route allocated: 0 of 5; total allocated: 0 of 10]
13:53:54.204 [main] DEBUG org.apache.http.impl.conn.PoolingHttpClientConnectionManager -- Connection manager is shutting down
13:53:54.205 [main] DEBUG org.apache.http.impl.conn.PoolingHttpClientConnectionManager -- Connection manager shut down
13:53:54.208 [main] DEBUG io.netty.util.internal.logging.InternalLoggerFactory -- Using SLF4J as the default logging framework
13:53:54.211 [main] DEBUG com.intuit.karate -- response time in milliseconds: 640
1 < 200
1 < Server: nginx
1 < Date: Sun, 07 Dec 2025 18:53:54 GMT
1 < Content-Type: text/html; charset=UTF-8
1 < Transfer-Encoding: chunked
1 < Connection: keep-alive
1 < Set-Cookie: orangehrm=p2larosgk02a71gkfvofl00ji3; path=/web; secure; HttpOnly; SameSite=Lax
1 < Cache-Control: no-cache, private
1 < Vary: Accept-Encoding
1 < X-Content-Type-Options: nosniff
1 < X-XSS-Protection: 1; mode=block
1 < Strict-Transport-Security: max-age=31536000; includeSubdomains;
1 < Content-Security-Policy: default-src 'self' *.projects-abroad.net fonts.googleapis.com fonts.gstatic.com code.jquery.com maxcdn.bootstrapcdn.com ajax.googleapis.com cdnjs.cloudflare.com native.testing.equest.com www.google.com *.docusign.net www.youtube.com youtu.be player.vimeo.com docs.google.com 'unsafe-inline' 'unsafe-eval' data: font;frame-src 'self' www.youtube.com www.vimeo.com vimeo.com www.yahoo.com www.dailymotion.com www.metacafe.com www.ustream.tv native.testing.equest.com sandbox.e-signlive.com *.orangehrmlive.com *.orangehrm.com *.amazonaws.com;connect-src 'self' *.orangehrm.com *.orangehrmlive.com;worker-src blob: 'self';img-src * 'self' data: blob:
1 < client_max_body_size: 50M
1 < Public-Key-Pins: pin-sha256="Md7QJIL/UMqdHaS73pEkLHm5ofUUE35+r4SYdM014/E=";pin-sha256="blgmjf3Tb3C0sUqb7jo4axiZAnr327fX0ycrUGqjw2k=";pin-sha256="puCdyuZdXoDc5jSdcGKU6mdjd0VNq16yoaO2BcDF36A=";pin-sha256="yQhO6YqQX5Y/NxyHAjXnI3jOtYWUm/TtRr666RunXRg="; pin-sha256="Slt48iBVTjuRQJTjbzopminRrHSGtndY0/sj0lFf9Qk="; max-age=63072000; includeSubDomains
<!DOCTYPE html>
<html>
<head>
  <meta charset="UTF-8">
  <meta http-equiv="X-UA-Compatible" content="IE=edge">
  <meta name="viewport" content="width=device-width,initial-scale=1">
  <title>OrangeHRM</title>
      <link rel="icon" href="/web/dist/favicon.ico?v=1721393199309">
    <link href="/web/dist/css/chunk-vendors.css?v=1721393199309" rel="preload" as="style">
    <link href="/web/dist/css/app.css?v=1721393199309" rel="preload" as="style">
    <link href="/web/dist/js/chunk-vendors.js?v=1721393199309" rel="preload" as="script">
    <link href="/web/dist/js/app.js?v=1721393199309" rel="preload" as="script">
      <link href="/web/dist/css/chunk-vendors.css?v=1721393199309" rel="stylesheet"/>
    <link href="/web/dist/css/app.css?v=1721393199309" rel="stylesheet"/>
</head>
<body>
  <style>
    :root {
            --oxd-primary-one-color:#FF7B1D;
            --oxd-primary-font-color:#FFFFFF;
            --oxd-secondary-four-color:#76BC21;
            --oxd-secondary-font-color:#FFFFFF;
            --oxd-primary-gradient-start-color:#FF920B;
            --oxd-primary-gradient-end-color:#F35C17;
            --oxd-secondary-gradient-start-color:#FF920B;
            --oxd-secondary-gradient-end-color:#F35C17;
            --oxd-primary-one-lighten-5-color:#ff8a37;
            --oxd-primary-one-lighten-30-color:#ffd4b6;
            --oxd-primary-one-darken-5-color:#ff6c03;
            --oxd-primary-one-alpha-10-color:rgba(255, 123, 29, 0.1);
            --oxd-primary-one-alpha-15-color:rgba(255, 123, 29, 0.15);
            --oxd-primary-one-alpha-20-color:rgba(255, 123, 29, 0.2);
            --oxd-primary-one-alpha-50-color:rgba(255, 123, 29, 0.5);
            --oxd-secondary-four-lighten-5-color:#84d225;
            --oxd-secondary-four-darken-5-color:#68a61d;
            --oxd-secondary-four-alpha-10-color:rgba(118, 188, 33, 0.1);
            --oxd-secondary-four-alpha-15-color:rgba(118, 188, 33, 0.15);
            --oxd-secondary-four-alpha-20-color:rgba(118, 188, 33, 0.2);
            --oxd-secondary-four-alpha-50-color:rgba(118, 188, 33, 0.5);
        }
  </style>
    <noscript>
        <strong>
            We're sorry but orangehrm doesn't work properly without JavaScript enabled. Please enable it to continue.
        </strong>
    </noscript>

    <div id="app">
    <auth-login
            :token="&quot;7079559dac5d0b39e89e5a6860.ObpM9TOAqn7wwVZvUWYCt7pmVx8lABtEObLImfO3Fig.XIIVxUT00w64qhErYTIv8P0CZE8SNVYVTP-y7pvYO0VU4iu5XuXnU56GFw&quot;"
            :login-logo-src="&quot;\/web\/images\/ohrm_logo.png&quot;"
            :login-banner-src="&quot;\/web\/images\/ohrm_branding.png?v=1721393199309&quot;"
            :show-social-media="true"
            :is-demo-mode="true"
            :authenticators="[]"
        >
    <template v-slot:footer>
        <div class="orangehrm-copyright-wrapper">
            <oxd-text tag="p" class="orangehrm-copyright">OrangeHRM OS 5.7</oxd-text>
<oxd-text tag="p" class="orangehrm-copyright">&copy; 2005 - 2025 <a href="http://www.orangehrm.com" target="_blank">OrangeHRM, Inc</a>. All rights reserved.</oxd-text>
        </div>
    </template>
    </auth-login>
    </div>
    <script type="text/javascript">
        window.appGlobal = {
          baseUrl: "/web/index.php",
          publicPath: "/web",
        };
    </script>
    <script src="/web/dist/js/chunk-vendors.js?v=1721393199309"></script>
    <script src="/web/dist/js/app.js?v=1721393199309"></script>
</body>
</html>


13:53:54.307 [main] DEBUG io.netty.util.internal.PlatformDependent0 -- -Dio.netty.noUnsafe: false
13:53:54.307 [main] DEBUG io.netty.util.internal.PlatformDependent0 -- Java version: 21
13:53:54.307 [main] DEBUG io.netty.util.internal.PlatformDependent0 -- sun.misc.Unsafe.theUnsafe: available
13:53:54.307 [main] DEBUG io.netty.util.internal.PlatformDependent0 -- sun.misc.Unsafe.copyMemory: available
13:53:54.308 [main] DEBUG io.netty.util.internal.PlatformDependent0 -- sun.misc.Unsafe.storeFence: available
13:53:54.308 [main] DEBUG io.netty.util.internal.PlatformDependent0 -- java.nio.Buffer.address: available
13:53:54.308 [main] DEBUG io.netty.util.internal.PlatformDependent0 -- direct buffer constructor: unavailable: Reflective setAccessible(true) disabled
13:53:54.308 [main] DEBUG io.netty.util.internal.PlatformDependent0 -- java.nio.Bits.unaligned: available, true
13:53:54.309 [main] DEBUG io.netty.util.internal.PlatformDependent0 -- jdk.internal.misc.Unsafe.allocateUninitializedArray(int): unavailable: class io.netty.util.internal.PlatformDependent0$7 cannot access class jdk.internal.misc.Unsafe (in module java.base) because module java.base does not export jdk.internal.misc to unnamed module @371a67ec
13:53:54.310 [main] DEBUG io.netty.util.internal.PlatformDependent0 -- java.nio.DirectByteBuffer.<init>(long, {int,long}): unavailable
13:53:54.310 [main] DEBUG io.netty.util.internal.PlatformDependent -- sun.misc.Unsafe: available
13:53:54.311 [main] DEBUG io.netty.util.internal.PlatformDependent -- maxDirectMemory: 4294967296 bytes (maybe)
13:53:54.311 [main] DEBUG io.netty.util.internal.PlatformDependent -- -Dio.netty.tmpdir: /var/folders/73/6wpts1z95nx2m4h5yjbdd5n00000gn/T (java.io.tmpdir)
13:53:54.311 [main] DEBUG io.netty.util.internal.PlatformDependent -- -Dio.netty.bitMode: 64 (sun.arch.data.model)
13:53:54.311 [main] DEBUG io.netty.util.internal.PlatformDependent -- Platform: MacOS
13:53:54.311 [main] DEBUG io.netty.util.internal.PlatformDependent -- -Dio.netty.maxDirectMemory: -1 bytes
13:53:54.312 [main] DEBUG io.netty.util.internal.PlatformDependent -- -Dio.netty.uninitializedArrayAllocationThreshold: -1
13:53:54.312 [main] DEBUG io.netty.util.internal.CleanerJava9 -- java.nio.ByteBuffer.cleaner(): available
13:53:54.312 [main] DEBUG io.netty.util.internal.PlatformDependent -- -Dio.netty.noPreferDirect: false
13:53:54.320 [main] DEBUG io.netty.util.ResourceLeakDetector -- -Dio.netty.leakDetection.level: simple
13:53:54.320 [main] DEBUG io.netty.util.ResourceLeakDetector -- -Dio.netty.leakDetection.targetRecords: 4
13:53:54.324 [main] DEBUG io.netty.buffer.AbstractByteBuf -- -Dio.netty.buffer.checkAccessible: true
13:53:54.324 [main] DEBUG io.netty.buffer.AbstractByteBuf -- -Dio.netty.buffer.checkBounds: true
13:53:54.324 [main] DEBUG io.netty.util.ResourceLeakDetectorFactory -- Loaded default ResourceLeakDetector: io.netty.util.ResourceLeakDetector@4d464510
13:53:54.334 [main] DEBUG io.netty.util.internal.InternalThreadLocalMap -- -Dio.netty.threadLocalMap.stringBuilder.initialSize: 1024
13:53:54.334 [main] DEBUG io.netty.util.internal.InternalThreadLocalMap -- -Dio.netty.threadLocalMap.stringBuilder.maxSize: 4096
13:53:54.335 [main] DEBUG io.netty.buffer.PooledByteBufAllocator -- -Dio.netty.allocator.numHeapArenas: 20
13:53:54.335 [main] DEBUG io.netty.buffer.PooledByteBufAllocator -- -Dio.netty.allocator.numDirectArenas: 20
13:53:54.335 [main] DEBUG io.netty.buffer.PooledByteBufAllocator -- -Dio.netty.allocator.pageSize: 8192
13:53:54.335 [main] DEBUG io.netty.buffer.PooledByteBufAllocator -- -Dio.netty.allocator.maxOrder: 9
13:53:54.335 [main] DEBUG io.netty.buffer.PooledByteBufAllocator -- -Dio.netty.allocator.chunkSize: 4194304
13:53:54.335 [main] DEBUG io.netty.buffer.PooledByteBufAllocator -- -Dio.netty.allocator.smallCacheSize: 256
13:53:54.335 [main] DEBUG io.netty.buffer.PooledByteBufAllocator -- -Dio.netty.allocator.normalCacheSize: 64
13:53:54.335 [main] DEBUG io.netty.buffer.PooledByteBufAllocator -- -Dio.netty.allocator.maxCachedBufferCapacity: 32768
13:53:54.335 [main] DEBUG io.netty.buffer.PooledByteBufAllocator -- -Dio.netty.allocator.cacheTrimInterval: 8192
13:53:54.335 [main] DEBUG io.netty.buffer.PooledByteBufAllocator -- -Dio.netty.allocator.cacheTrimIntervalMillis: 0
13:53:54.335 [main] DEBUG io.netty.buffer.PooledByteBufAllocator -- -Dio.netty.allocator.useCacheForAllThreads: false
13:53:54.335 [main] DEBUG io.netty.buffer.PooledByteBufAllocator -- -Dio.netty.allocator.maxCachedByteBuffersPerChunk: 1023
13:53:54.339 [main] DEBUG io.netty.buffer.ByteBufUtil -- -Dio.netty.allocator.type: pooled
13:53:54.340 [main] DEBUG io.netty.buffer.ByteBufUtil -- -Dio.netty.threadLocalDirectBufferSize: 0
13:53:54.340 [main] DEBUG io.netty.buffer.ByteBufUtil -- -Dio.netty.maxThreadLocalCharBufferSize: 16384
13:53:54.347 [main] DEBUG org.apache.http.client.protocol.RequestAddCookies -- CookieSpec selected: karate
13:53:54.347 [main] DEBUG org.apache.http.client.protocol.RequestAuthCache -- Auth cache not set in the context
13:53:54.348 [main] DEBUG com.intuit.karate -- request:
2 > POST https://opensource-demo.orangehrmlive.com/web/index.php/auth/validate
2 > Content-Type: application/x-www-form-urlencoded
2 > Cookie: orangehrm=p2larosgk02a71gkfvofl00ji3
2 > Content-Length: 169
2 > Host: opensource-demo.orangehrmlive.com
2 > Connection: Keep-Alive
2 > User-Agent: Apache-HttpClient/4.5.14 (Java/21.0.5)
2 > Accept-Encoding: gzip,deflate
username=Admin&password=admin123&_token=7079559dac5d0b39e89e5a6860.ObpM9TOAqn7wwVZvUWYCt7pmVx8lABtEObLImfO3Fig.XIIVxUT00w64qhErYTIv8P0CZE8SNVYVTP-y7pvYO0VU4iu5XuXnU56GFw

13:53:54.348 [main] DEBUG org.apache.http.impl.conn.PoolingHttpClientConnectionManager -- Connection request: [route: {s}->https://opensource-demo.orangehrmlive.com:443][total available: 0; route allocated: 0 of 5; total allocated: 0 of 10]
13:53:54.348 [main] DEBUG org.apache.http.impl.conn.PoolingHttpClientConnectionManager -- Connection leased: [id: 1][route: {s}->https://opensource-demo.orangehrmlive.com:443][total available: 0; route allocated: 1 of 5; total allocated: 1 of 10]
13:53:54.348 [main] DEBUG org.apache.http.impl.execchain.MainClientExec -- Opening connection {s}->https://opensource-demo.orangehrmlive.com:443
13:53:54.348 [main] DEBUG org.apache.http.impl.conn.DefaultHttpClientConnectionOperator -- Connecting to opensource-demo.orangehrmlive.com/34.205.40.6:443
13:53:54.348 [main] DEBUG org.apache.http.conn.ssl.SSLConnectionSocketFactory -- Connecting socket to opensource-demo.orangehrmlive.com/34.205.40.6:443 with timeout 30000
13:53:54.440 [main] DEBUG org.apache.http.conn.ssl.SSLConnectionSocketFactory -- Enabled protocols: [TLSv1.3, TLSv1.2]
13:53:54.440 [main] DEBUG org.apache.http.conn.ssl.SSLConnectionSocketFactory -- Enabled cipher suites:[TLS_AES_256_GCM_SHA384, TLS_AES_128_GCM_SHA256, TLS_CHACHA20_POLY1305_SHA256, TLS_ECDHE_ECDSA_WITH_AES_256_GCM_SHA384, TLS_ECDHE_ECDSA_WITH_AES_128_GCM_SHA256, TLS_ECDHE_ECDSA_WITH_CHACHA20_POLY1305_SHA256, TLS_ECDHE_RSA_WITH_AES_256_GCM_SHA384, TLS_ECDHE_RSA_WITH_CHACHA20_POLY1305_SHA256, TLS_ECDHE_RSA_WITH_AES_128_GCM_SHA256, TLS_DHE_RSA_WITH_AES_256_GCM_SHA384, TLS_DHE_RSA_WITH_CHACHA20_POLY1305_SHA256, TLS_DHE_DSS_WITH_AES_256_GCM_SHA384, TLS_DHE_RSA_WITH_AES_128_GCM_SHA256, TLS_DHE_DSS_WITH_AES_128_GCM_SHA256, TLS_ECDHE_ECDSA_WITH_AES_256_CBC_SHA384, TLS_ECDHE_RSA_WITH_AES_256_CBC_SHA384, TLS_ECDHE_ECDSA_WITH_AES_128_CBC_SHA256, TLS_ECDHE_RSA_WITH_AES_128_CBC_SHA256, TLS_DHE_RSA_WITH_AES_256_CBC_SHA256, TLS_DHE_DSS_WITH_AES_256_CBC_SHA256, TLS_DHE_RSA_WITH_AES_128_CBC_SHA256, TLS_DHE_DSS_WITH_AES_128_CBC_SHA256, TLS_ECDHE_ECDSA_WITH_AES_256_CBC_SHA, TLS_ECDHE_RSA_WITH_AES_256_CBC_SHA, TLS_ECDHE_ECDSA_WITH_AES_128_CBC_SHA, TLS_ECDHE_RSA_WITH_AES_128_CBC_SHA, TLS_DHE_RSA_WITH_AES_256_CBC_SHA, TLS_DHE_DSS_WITH_AES_256_CBC_SHA, TLS_DHE_RSA_WITH_AES_128_CBC_SHA, TLS_DHE_DSS_WITH_AES_128_CBC_SHA, TLS_RSA_WITH_AES_256_GCM_SHA384, TLS_RSA_WITH_AES_128_GCM_SHA256, TLS_RSA_WITH_AES_256_CBC_SHA256, TLS_RSA_WITH_AES_128_CBC_SHA256, TLS_RSA_WITH_AES_256_CBC_SHA, TLS_RSA_WITH_AES_128_CBC_SHA, TLS_EMPTY_RENEGOTIATION_INFO_SCSV]
13:53:54.441 [main] DEBUG org.apache.http.conn.ssl.SSLConnectionSocketFactory -- Starting handshake
13:53:54.539 [main] DEBUG org.apache.http.conn.ssl.SSLConnectionSocketFactory -- Secure session established
13:53:54.539 [main] DEBUG org.apache.http.conn.ssl.SSLConnectionSocketFactory --  negotiated protocol: TLSv1.3
13:53:54.540 [main] DEBUG org.apache.http.conn.ssl.SSLConnectionSocketFactory --  negotiated cipher suite: TLS_AES_256_GCM_SHA384
13:53:54.540 [main] DEBUG org.apache.http.conn.ssl.SSLConnectionSocketFactory --  peer principal: CN=*.orangehrmlive.com
13:53:54.540 [main] DEBUG org.apache.http.conn.ssl.SSLConnectionSocketFactory --  peer alternative names: [*.orangehrmlive.com, orangehrmlive.com]
13:53:54.540 [main] DEBUG org.apache.http.conn.ssl.SSLConnectionSocketFactory --  issuer principal: CN=GeoTrust TLS RSA CA G1, OU=www.digicert.com, O=DigiCert Inc, C=US
13:53:54.540 [main] DEBUG org.apache.http.impl.conn.DefaultHttpClientConnectionOperator -- Connection established 192.168.1.69:49712<->34.205.40.6:443
13:53:54.540 [main] DEBUG org.apache.http.impl.conn.DefaultManagedHttpClientConnection -- http-outgoing-1: set socket timeout to 30000
13:53:54.540 [main] DEBUG org.apache.http.impl.execchain.MainClientExec -- Executing request POST /web/index.php/auth/validate HTTP/1.1
13:53:54.540 [main] DEBUG org.apache.http.impl.execchain.MainClientExec -- Target auth state: UNCHALLENGED
13:53:54.540 [main] DEBUG org.apache.http.impl.execchain.MainClientExec -- Proxy auth state: UNCHALLENGED
13:53:54.540 [main] DEBUG org.apache.http.headers -- http-outgoing-1 >> POST /web/index.php/auth/validate HTTP/1.1
13:53:54.540 [main] DEBUG org.apache.http.headers -- http-outgoing-1 >> Content-Type: application/x-www-form-urlencoded
13:53:54.540 [main] DEBUG org.apache.http.headers -- http-outgoing-1 >> Cookie: orangehrm=p2larosgk02a71gkfvofl00ji3
13:53:54.540 [main] DEBUG org.apache.http.headers -- http-outgoing-1 >> Content-Length: 169
13:53:54.540 [main] DEBUG org.apache.http.headers -- http-outgoing-1 >> Host: opensource-demo.orangehrmlive.com
13:53:54.540 [main] DEBUG org.apache.http.headers -- http-outgoing-1 >> Connection: Keep-Alive
13:53:54.540 [main] DEBUG org.apache.http.headers -- http-outgoing-1 >> User-Agent: Apache-HttpClient/4.5.14 (Java/21.0.5)
13:53:54.540 [main] DEBUG org.apache.http.headers -- http-outgoing-1 >> Accept-Encoding: gzip,deflate
13:53:54.540 [main] DEBUG org.apache.http.wire -- http-outgoing-1 >> "POST /web/index.php/auth/validate HTTP/1.1[\r][\n]"
13:53:54.540 [main] DEBUG org.apache.http.wire -- http-outgoing-1 >> "Content-Type: application/x-www-form-urlencoded[\r][\n]"
13:53:54.540 [main] DEBUG org.apache.http.wire -- http-outgoing-1 >> "Cookie: orangehrm=p2larosgk02a71gkfvofl00ji3[\r][\n]"
13:53:54.540 [main] DEBUG org.apache.http.wire -- http-outgoing-1 >> "Content-Length: 169[\r][\n]"
13:53:54.540 [main] DEBUG org.apache.http.wire -- http-outgoing-1 >> "Host: opensource-demo.orangehrmlive.com[\r][\n]"
13:53:54.540 [main] DEBUG org.apache.http.wire -- http-outgoing-1 >> "Connection: Keep-Alive[\r][\n]"
13:53:54.541 [main] DEBUG org.apache.http.wire -- http-outgoing-1 >> "User-Agent: Apache-HttpClient/4.5.14 (Java/21.0.5)[\r][\n]"
13:53:54.541 [main] DEBUG org.apache.http.wire -- http-outgoing-1 >> "Accept-Encoding: gzip,deflate[\r][\n]"
13:53:54.542 [main] DEBUG org.apache.http.wire -- http-outgoing-1 >> "[\r][\n]"
13:53:54.542 [main] DEBUG org.apache.http.wire -- http-outgoing-1 >> "username=Admin&password=admin123&_token=7079559dac5d0b39e89e5a6860.ObpM9TOAqn7wwVZvUWYCt7pmVx8lABtEObLImfO3Fig.XIIVxUT00w64qhErYTIv8P0CZE8SNVYVTP-y7pvYO0VU4iu5XuXnU56GFw"
13:53:55.049 [main] DEBUG org.apache.http.wire -- http-outgoing-1 << "HTTP/1.1 302 Found[\r][\n]"
13:53:55.049 [main] DEBUG org.apache.http.wire -- http-outgoing-1 << "Server: nginx[\r][\n]"
13:53:55.049 [main] DEBUG org.apache.http.wire -- http-outgoing-1 << "Date: Sun, 07 Dec 2025 18:53:55 GMT[\r][\n]"
13:53:55.049 [main] DEBUG org.apache.http.wire -- http-outgoing-1 << "Content-Type: text/html; charset=UTF-8[\r][\n]"
13:53:55.049 [main] DEBUG org.apache.http.wire -- http-outgoing-1 << "Transfer-Encoding: chunked[\r][\n]"
13:53:55.049 [main] DEBUG org.apache.http.wire -- http-outgoing-1 << "Connection: keep-alive[\r][\n]"
13:53:55.049 [main] DEBUG org.apache.http.wire -- http-outgoing-1 << "Set-Cookie: orangehrm=gusv66d8f4ioup30infpmtk04h; path=/web; secure; HttpOnly; SameSite=Lax[\r][\n]"
13:53:55.049 [main] DEBUG org.apache.http.wire -- http-outgoing-1 << "Cache-Control: no-cache, private[\r][\n]"
13:53:55.050 [main] DEBUG org.apache.http.wire -- http-outgoing-1 << "Location: https://opensource-demo.orangehrmlive.com/web/index.php/dashboard/index[\r][\n]"
13:53:55.050 [main] DEBUG org.apache.http.wire -- http-outgoing-1 << "X-Content-Type-Options: nosniff[\r][\n]"
13:53:55.050 [main] DEBUG org.apache.http.wire -- http-outgoing-1 << "X-XSS-Protection: 1; mode=block[\r][\n]"
13:53:55.050 [main] DEBUG org.apache.http.wire -- http-outgoing-1 << "Strict-Transport-Security: max-age=31536000; includeSubdomains; [\r][\n]"
13:53:55.050 [main] DEBUG org.apache.http.wire -- http-outgoing-1 << "Content-Security-Policy: default-src 'self' *.projects-abroad.net fonts.googleapis.com fonts.gstatic.com code.jquery.com maxcdn.bootstrapcdn.com ajax.googleapis.com cdnjs.cloudflare.com native.testing.equest.com www.google.com *.docusign.net www.youtube.com youtu.be player.vimeo.com docs.google.com 'unsafe-inline' 'unsafe-eval' data: font;frame-src 'self' www.youtube.com www.vimeo.com vimeo.com www.yahoo.com www.dailymotion.com www.metacafe.com www.ustream.tv native.testing.equest.com sandbox.e-signlive.com *.orangehrmlive.com *.orangehrm.com *.amazonaws.com;connect-src 'self' *.orangehrm.com *.orangehrmlive.com;worker-src blob: 'self';img-src * 'self' data: blob:[\r][\n]"
13:53:55.050 [main] DEBUG org.apache.http.wire -- http-outgoing-1 << "client_max_body_size: 50M[\r][\n]"
13:53:55.050 [main] DEBUG org.apache.http.wire -- http-outgoing-1 << "Public-Key-Pins: pin-sha256="Md7QJIL/UMqdHaS73pEkLHm5ofUUE35+r4SYdM014/E=";pin-sha256="blgmjf3Tb3C0sUqb7jo4axiZAnr327fX0ycrUGqjw2k=";pin-sha256="puCdyuZdXoDc5jSdcGKU6mdjd0VNq16yoaO2BcDF36A=";pin-sha256="yQhO6YqQX5Y/NxyHAjXnI3jOtYWUm/TtRr666RunXRg="; pin-sha256="Slt48iBVTjuRQJTjbzopminRrHSGtndY0/sj0lFf9Qk="; max-age=63072000; includeSubDomains[\r][\n]"
13:53:55.050 [main] DEBUG org.apache.http.wire -- http-outgoing-1 << "[\r][\n]"
13:53:55.050 [main] DEBUG org.apache.http.wire -- http-outgoing-1 << "212[\r][\n]"
13:53:55.050 [main] DEBUG org.apache.http.wire -- http-outgoing-1 << "<!DOCTYPE html>[\n]"
13:53:55.050 [main] DEBUG org.apache.http.wire -- http-outgoing-1 << "<html>[\n]"
13:53:55.050 [main] DEBUG org.apache.http.wire -- http-outgoing-1 << "    <head>[\n]"
13:53:55.050 [main] DEBUG org.apache.http.wire -- http-outgoing-1 << "        <meta charset="UTF-8" />[\n]"
13:53:55.050 [main] DEBUG org.apache.http.wire -- http-outgoing-1 << "        <meta http-equiv="refresh" content="0;url='https://opensource-demo.orangehrmlive.com/web/index.php/dashboard/index'" />[\n]"
13:53:55.050 [main] DEBUG org.apache.http.wire -- http-outgoing-1 << "[\n]"
13:53:55.050 [main] DEBUG org.apache.http.wire -- http-outgoing-1 << "        <title>Redirecting to https://opensource-demo.orangehrmlive.com/web/index.php/dashboard/index</title>[\n]"
13:53:55.050 [main] DEBUG org.apache.http.wire -- http-outgoing-1 << "    </head>[\n]"
13:53:55.050 [main] DEBUG org.apache.http.wire -- http-outgoing-1 << "    <body>[\n]"
13:53:55.050 [main] DEBUG org.apache.http.wire -- http-outgoing-1 << "        Redirecting to <a href="https://opensource-demo.orangehrmlive.com/web/index.php/dashboard/index">https://opensource-demo.orangehrmlive.com/web/index.php/dashboard/index</a>.[\n]"
13:53:55.050 [main] DEBUG org.apache.http.wire -- http-outgoing-1 << "    </body>[\n]"
13:53:55.050 [main] DEBUG org.apache.http.wire -- http-outgoing-1 << "</html>[\r][\n]"
13:53:55.050 [main] DEBUG org.apache.http.wire -- http-outgoing-1 << "0[\r][\n]"
13:53:55.050 [main] DEBUG org.apache.http.wire -- http-outgoing-1 << "[\r][\n]"
13:53:55.050 [main] DEBUG org.apache.http.headers -- http-outgoing-1 << HTTP/1.1 302 Found
13:53:55.050 [main] DEBUG org.apache.http.headers -- http-outgoing-1 << Server: nginx
13:53:55.050 [main] DEBUG org.apache.http.headers -- http-outgoing-1 << Date: Sun, 07 Dec 2025 18:53:55 GMT
13:53:55.050 [main] DEBUG org.apache.http.headers -- http-outgoing-1 << Content-Type: text/html; charset=UTF-8
13:53:55.050 [main] DEBUG org.apache.http.headers -- http-outgoing-1 << Transfer-Encoding: chunked
13:53:55.050 [main] DEBUG org.apache.http.headers -- http-outgoing-1 << Connection: keep-alive
13:53:55.050 [main] DEBUG org.apache.http.headers -- http-outgoing-1 << Set-Cookie: orangehrm=gusv66d8f4ioup30infpmtk04h; path=/web; secure; HttpOnly; SameSite=Lax
13:53:55.050 [main] DEBUG org.apache.http.headers -- http-outgoing-1 << Cache-Control: no-cache, private
13:53:55.050 [main] DEBUG org.apache.http.headers -- http-outgoing-1 << Location: https://opensource-demo.orangehrmlive.com/web/index.php/dashboard/index
13:53:55.050 [main] DEBUG org.apache.http.headers -- http-outgoing-1 << X-Content-Type-Options: nosniff
13:53:55.050 [main] DEBUG org.apache.http.headers -- http-outgoing-1 << X-XSS-Protection: 1; mode=block
13:53:55.050 [main] DEBUG org.apache.http.headers -- http-outgoing-1 << Strict-Transport-Security: max-age=31536000; includeSubdomains; 
13:53:55.050 [main] DEBUG org.apache.http.headers -- http-outgoing-1 << Content-Security-Policy: default-src 'self' *.projects-abroad.net fonts.googleapis.com fonts.gstatic.com code.jquery.com maxcdn.bootstrapcdn.com ajax.googleapis.com cdnjs.cloudflare.com native.testing.equest.com www.google.com *.docusign.net www.youtube.com youtu.be player.vimeo.com docs.google.com 'unsafe-inline' 'unsafe-eval' data: font;frame-src 'self' www.youtube.com www.vimeo.com vimeo.com www.yahoo.com www.dailymotion.com www.metacafe.com www.ustream.tv native.testing.equest.com sandbox.e-signlive.com *.orangehrmlive.com *.orangehrm.com *.amazonaws.com;connect-src 'self' *.orangehrm.com *.orangehrmlive.com;worker-src blob: 'self';img-src * 'self' data: blob:
13:53:55.050 [main] DEBUG org.apache.http.headers -- http-outgoing-1 << client_max_body_size: 50M
13:53:55.050 [main] DEBUG org.apache.http.headers -- http-outgoing-1 << Public-Key-Pins: pin-sha256="Md7QJIL/UMqdHaS73pEkLHm5ofUUE35+r4SYdM014/E=";pin-sha256="blgmjf3Tb3C0sUqb7jo4axiZAnr327fX0ycrUGqjw2k=";pin-sha256="puCdyuZdXoDc5jSdcGKU6mdjd0VNq16yoaO2BcDF36A=";pin-sha256="yQhO6YqQX5Y/NxyHAjXnI3jOtYWUm/TtRr666RunXRg="; pin-sha256="Slt48iBVTjuRQJTjbzopminRrHSGtndY0/sj0lFf9Qk="; max-age=63072000; includeSubDomains
13:53:55.050 [main] DEBUG org.apache.http.impl.execchain.MainClientExec -- Connection can be kept alive indefinitely
13:53:55.051 [main] DEBUG org.apache.http.client.protocol.ResponseProcessCookies -- Cookie accepted [orangehrm="gusv66d8f4ioup30infpmtk04h", version:0, domain:opensource-demo.orangehrmlive.com, path:/web, expiry:null]
13:53:55.051 [main] DEBUG org.apache.http.impl.conn.PoolingHttpClientConnectionManager -- Connection [id: 1][route: {s}->https://opensource-demo.orangehrmlive.com:443] can be kept alive indefinitely
13:53:55.051 [main] DEBUG org.apache.http.impl.conn.DefaultManagedHttpClientConnection -- http-outgoing-1: set socket timeout to 0
13:53:55.051 [main] DEBUG org.apache.http.impl.conn.PoolingHttpClientConnectionManager -- Connection released: [id: 1][route: {s}->https://opensource-demo.orangehrmlive.com:443][total available: 1; route allocated: 1 of 5; total allocated: 1 of 10]
13:53:55.051 [main] DEBUG org.apache.http.impl.conn.PoolingHttpClientConnectionManager -- Connection manager is shutting down
13:53:55.051 [main] DEBUG org.apache.http.impl.conn.DefaultManagedHttpClientConnection -- http-outgoing-1: Close connection
13:53:55.051 [main] DEBUG org.apache.http.impl.conn.PoolingHttpClientConnectionManager -- Connection manager shut down
13:53:55.051 [main] DEBUG com.intuit.karate -- response time in milliseconds: 703
2 < 302
2 < Server: nginx
2 < Date: Sun, 07 Dec 2025 18:53:55 GMT
2 < Content-Type: text/html; charset=UTF-8
2 < Transfer-Encoding: chunked
2 < Connection: keep-alive
2 < Set-Cookie: orangehrm=gusv66d8f4ioup30infpmtk04h; path=/web; secure; HttpOnly; SameSite=Lax
2 < Cache-Control: no-cache, private
2 < Location: https://opensource-demo.orangehrmlive.com/web/index.php/dashboard/index
2 < X-Content-Type-Options: nosniff
2 < X-XSS-Protection: 1; mode=block
2 < Strict-Transport-Security: max-age=31536000; includeSubdomains;
2 < Content-Security-Policy: default-src 'self' *.projects-abroad.net fonts.googleapis.com fonts.gstatic.com code.jquery.com maxcdn.bootstrapcdn.com ajax.googleapis.com cdnjs.cloudflare.com native.testing.equest.com www.google.com *.docusign.net www.youtube.com youtu.be player.vimeo.com docs.google.com 'unsafe-inline' 'unsafe-eval' data: font;frame-src 'self' www.youtube.com www.vimeo.com vimeo.com www.yahoo.com www.dailymotion.com www.metacafe.com www.ustream.tv native.testing.equest.com sandbox.e-signlive.com *.orangehrmlive.com *.orangehrm.com *.amazonaws.com;connect-src 'self' *.orangehrm.com *.orangehrmlive.com;worker-src blob: 'self';img-src * 'self' data: blob:
2 < client_max_body_size: 50M
2 < Public-Key-Pins: pin-sha256="Md7QJIL/UMqdHaS73pEkLHm5ofUUE35+r4SYdM014/E=";pin-sha256="blgmjf3Tb3C0sUqb7jo4axiZAnr327fX0ycrUGqjw2k=";pin-sha256="puCdyuZdXoDc5jSdcGKU6mdjd0VNq16yoaO2BcDF36A=";pin-sha256="yQhO6YqQX5Y/NxyHAjXnI3jOtYWUm/TtRr666RunXRg="; pin-sha256="Slt48iBVTjuRQJTjbzopminRrHSGtndY0/sj0lFf9Qk="; max-age=63072000; includeSubDomains
<!DOCTYPE html>
<html>
    <head>
        <meta charset="UTF-8" />
        <meta http-equiv="refresh" content="0;url='https://opensource-demo.orangehrmlive.com/web/index.php/dashboard/index'" />

        <title>Redirecting to https://opensource-demo.orangehrmlive.com/web/index.php/dashboard/index</title>
    </head>
    <body>
        Redirecting to <a href="https://opensource-demo.orangehrmlive.com/web/index.php/dashboard/index">https://opensource-demo.orangehrmlive.com/web/index.php/dashboard/index</a>.
    </body>
</html>

13:53:55.063 [main] DEBUG com.jayway.jsonpath.internal.path.CompiledPath -- Evaluating path: $['Location'][0]
]]></system-out>
  </testcase>
  <testcase name="[2:27] Inicio de sesión fallido con credenciales incorrectas" classname="karate/features/login" time="1.789">
    <system-out><![CDATA[13:53:55.075 [main] DEBUG com.intuit.karate.core.ScenarioEngine -- over-writing existing variable 'baseUrl' with new value: karate.get('baseUrl')
13:53:55.077 [main] DEBUG org.apache.http.client.protocol.RequestAddCookies -- CookieSpec selected: karate
13:53:55.077 [main] DEBUG org.apache.http.client.protocol.RequestAuthCache -- Auth cache not set in the context
13:53:55.077 [main] DEBUG com.intuit.karate -- request:
1 > GET https://opensource-demo.orangehrmlive.com/web/index.php/auth/login
1 > Host: opensource-demo.orangehrmlive.com
1 > Connection: Keep-Alive
1 > User-Agent: Apache-HttpClient/4.5.14 (Java/21.0.5)
1 > Accept-Encoding: gzip,deflate


13:53:55.077 [main] DEBUG org.apache.http.impl.conn.PoolingHttpClientConnectionManager -- Connection request: [route: {s}->https://opensource-demo.orangehrmlive.com:443][total available: 0; route allocated: 0 of 5; total allocated: 0 of 10]
13:53:55.077 [main] DEBUG org.apache.http.impl.conn.PoolingHttpClientConnectionManager -- Connection leased: [id: 2][route: {s}->https://opensource-demo.orangehrmlive.com:443][total available: 0; route allocated: 1 of 5; total allocated: 1 of 10]
13:53:55.077 [main] DEBUG org.apache.http.impl.execchain.MainClientExec -- Opening connection {s}->https://opensource-demo.orangehrmlive.com:443
13:53:55.077 [main] DEBUG org.apache.http.impl.conn.DefaultHttpClientConnectionOperator -- Connecting to opensource-demo.orangehrmlive.com/34.205.40.6:443
13:53:55.077 [main] DEBUG org.apache.http.conn.ssl.SSLConnectionSocketFactory -- Connecting socket to opensource-demo.orangehrmlive.com/34.205.40.6:443 with timeout 30000
13:53:55.167 [main] DEBUG org.apache.http.conn.ssl.SSLConnectionSocketFactory -- Enabled protocols: [TLSv1.3, TLSv1.2]
13:53:55.167 [main] DEBUG org.apache.http.conn.ssl.SSLConnectionSocketFactory -- Enabled cipher suites:[TLS_AES_256_GCM_SHA384, TLS_AES_128_GCM_SHA256, TLS_CHACHA20_POLY1305_SHA256, TLS_ECDHE_ECDSA_WITH_AES_256_GCM_SHA384, TLS_ECDHE_ECDSA_WITH_AES_128_GCM_SHA256, TLS_ECDHE_ECDSA_WITH_CHACHA20_POLY1305_SHA256, TLS_ECDHE_RSA_WITH_AES_256_GCM_SHA384, TLS_ECDHE_RSA_WITH_CHACHA20_POLY1305_SHA256, TLS_ECDHE_RSA_WITH_AES_128_GCM_SHA256, TLS_DHE_RSA_WITH_AES_256_GCM_SHA384, TLS_DHE_RSA_WITH_CHACHA20_POLY1305_SHA256, TLS_DHE_DSS_WITH_AES_256_GCM_SHA384, TLS_DHE_RSA_WITH_AES_128_GCM_SHA256, TLS_DHE_DSS_WITH_AES_128_GCM_SHA256, TLS_ECDHE_ECDSA_WITH_AES_256_CBC_SHA384, TLS_ECDHE_RSA_WITH_AES_256_CBC_SHA384, TLS_ECDHE_ECDSA_WITH_AES_128_CBC_SHA256, TLS_ECDHE_RSA_WITH_AES_128_CBC_SHA256, TLS_DHE_RSA_WITH_AES_256_CBC_SHA256, TLS_DHE_DSS_WITH_AES_256_CBC_SHA256, TLS_DHE_RSA_WITH_AES_128_CBC_SHA256, TLS_DHE_DSS_WITH_AES_128_CBC_SHA256, TLS_ECDHE_ECDSA_WITH_AES_256_CBC_SHA, TLS_ECDHE_RSA_WITH_AES_256_CBC_SHA, TLS_ECDHE_ECDSA_WITH_AES_128_CBC_SHA, TLS_ECDHE_RSA_WITH_AES_128_CBC_SHA, TLS_DHE_RSA_WITH_AES_256_CBC_SHA, TLS_DHE_DSS_WITH_AES_256_CBC_SHA, TLS_DHE_RSA_WITH_AES_128_CBC_SHA, TLS_DHE_DSS_WITH_AES_128_CBC_SHA, TLS_RSA_WITH_AES_256_GCM_SHA384, TLS_RSA_WITH_AES_128_GCM_SHA256, TLS_RSA_WITH_AES_256_CBC_SHA256, TLS_RSA_WITH_AES_128_CBC_SHA256, TLS_RSA_WITH_AES_256_CBC_SHA, TLS_RSA_WITH_AES_128_CBC_SHA, TLS_EMPTY_RENEGOTIATION_INFO_SCSV]
13:53:55.167 [main] DEBUG org.apache.http.conn.ssl.SSLConnectionSocketFactory -- Starting handshake
13:53:55.261 [main] DEBUG org.apache.http.conn.ssl.SSLConnectionSocketFactory -- Secure session established
13:53:55.261 [main] DEBUG org.apache.http.conn.ssl.SSLConnectionSocketFactory --  negotiated protocol: TLSv1.3
13:53:55.261 [main] DEBUG org.apache.http.conn.ssl.SSLConnectionSocketFactory --  negotiated cipher suite: TLS_AES_256_GCM_SHA384
13:53:55.261 [main] DEBUG org.apache.http.conn.ssl.SSLConnectionSocketFactory --  peer principal: CN=*.orangehrmlive.com
13:53:55.261 [main] DEBUG org.apache.http.conn.ssl.SSLConnectionSocketFactory --  peer alternative names: [*.orangehrmlive.com, orangehrmlive.com]
13:53:55.261 [main] DEBUG org.apache.http.conn.ssl.SSLConnectionSocketFactory --  issuer principal: CN=GeoTrust TLS RSA CA G1, OU=www.digicert.com, O=DigiCert Inc, C=US
13:53:55.261 [main] DEBUG org.apache.http.impl.conn.DefaultHttpClientConnectionOperator -- Connection established 192.168.1.69:49717<->34.205.40.6:443
13:53:55.261 [main] DEBUG org.apache.http.impl.conn.DefaultManagedHttpClientConnection -- http-outgoing-2: set socket timeout to 30000
13:53:55.261 [main] DEBUG org.apache.http.impl.execchain.MainClientExec -- Executing request GET /web/index.php/auth/login HTTP/1.1
13:53:55.261 [main] DEBUG org.apache.http.impl.execchain.MainClientExec -- Target auth state: UNCHALLENGED
13:53:55.261 [main] DEBUG org.apache.http.impl.execchain.MainClientExec -- Proxy auth state: UNCHALLENGED
13:53:55.261 [main] DEBUG org.apache.http.headers -- http-outgoing-2 >> GET /web/index.php/auth/login HTTP/1.1
13:53:55.261 [main] DEBUG org.apache.http.headers -- http-outgoing-2 >> Host: opensource-demo.orangehrmlive.com
13:53:55.261 [main] DEBUG org.apache.http.headers -- http-outgoing-2 >> Connection: Keep-Alive
13:53:55.261 [main] DEBUG org.apache.http.headers -- http-outgoing-2 >> User-Agent: Apache-HttpClient/4.5.14 (Java/21.0.5)
13:53:55.261 [main] DEBUG org.apache.http.headers -- http-outgoing-2 >> Accept-Encoding: gzip,deflate
13:53:55.261 [main] DEBUG org.apache.http.wire -- http-outgoing-2 >> "GET /web/index.php/auth/login HTTP/1.1[\r][\n]"
13:53:55.261 [main] DEBUG org.apache.http.wire -- http-outgoing-2 >> "Host: opensource-demo.orangehrmlive.com[\r][\n]"
13:53:55.261 [main] DEBUG org.apache.http.wire -- http-outgoing-2 >> "Connection: Keep-Alive[\r][\n]"
13:53:55.261 [main] DEBUG org.apache.http.wire -- http-outgoing-2 >> "User-Agent: Apache-HttpClient/4.5.14 (Java/21.0.5)[\r][\n]"
13:53:55.261 [main] DEBUG org.apache.http.wire -- http-outgoing-2 >> "Accept-Encoding: gzip,deflate[\r][\n]"
13:53:55.261 [main] DEBUG org.apache.http.wire -- http-outgoing-2 >> "[\r][\n]"
13:53:55.452 [main] DEBUG org.apache.http.wire -- http-outgoing-2 << "HTTP/1.1 200 OK[\r][\n]"
13:53:55.452 [main] DEBUG org.apache.http.wire -- http-outgoing-2 << "Server: nginx[\r][\n]"
13:53:55.452 [main] DEBUG org.apache.http.wire -- http-outgoing-2 << "Date: Sun, 07 Dec 2025 18:53:55 GMT[\r][\n]"
13:53:55.452 [main] DEBUG org.apache.http.wire -- http-outgoing-2 << "Content-Type: text/html; charset=UTF-8[\r][\n]"
13:53:55.452 [main] DEBUG org.apache.http.wire -- http-outgoing-2 << "Transfer-Encoding: chunked[\r][\n]"
13:53:55.452 [main] DEBUG org.apache.http.wire -- http-outgoing-2 << "Connection: keep-alive[\r][\n]"
13:53:55.452 [main] DEBUG org.apache.http.wire -- http-outgoing-2 << "Set-Cookie: orangehrm=9meid05kl3s4nph6fqe2r7i9pi; path=/web; secure; HttpOnly; SameSite=Lax[\r][\n]"
13:53:55.452 [main] DEBUG org.apache.http.wire -- http-outgoing-2 << "Cache-Control: no-cache, private[\r][\n]"
13:53:55.452 [main] DEBUG org.apache.http.wire -- http-outgoing-2 << "Vary: Accept-Encoding[\r][\n]"
13:53:55.452 [main] DEBUG org.apache.http.wire -- http-outgoing-2 << "Content-Encoding: gzip[\r][\n]"
13:53:55.452 [main] DEBUG org.apache.http.wire -- http-outgoing-2 << "X-Content-Type-Options: nosniff[\r][\n]"
13:53:55.452 [main] DEBUG org.apache.http.wire -- http-outgoing-2 << "X-XSS-Protection: 1; mode=block[\r][\n]"
13:53:55.452 [main] DEBUG org.apache.http.wire -- http-outgoing-2 << "Strict-Transport-Security: max-age=31536000; includeSubdomains; [\r][\n]"
13:53:55.452 [main] DEBUG org.apache.http.wire -- http-outgoing-2 << "Content-Security-Policy: default-src 'self' *.projects-abroad.net fonts.googleapis.com fonts.gstatic.com code.jquery.com maxcdn.bootstrapcdn.com ajax.googleapis.com cdnjs.cloudflare.com native.testing.equest.com www.google.com *.docusign.net www.youtube.com youtu.be player.vimeo.com docs.google.com 'unsafe-inline' 'unsafe-eval' data: font;frame-src 'self' www.youtube.com www.vimeo.com vimeo.com www.yahoo.com www.dailymotion.com www.metacafe.com www.ustream.tv native.testing.equest.com sandbox.e-signlive.com *.orangehrmlive.com *.orangehrm.com *.amazonaws.com;connect-src 'self' *.orangehrm.com *.orangehrmlive.com;worker-src blob: 'self';img-src * 'self' data: blob:[\r][\n]"
13:53:55.452 [main] DEBUG org.apache.http.wire -- http-outgoing-2 << "client_max_body_size: 50M[\r][\n]"
13:53:55.452 [main] DEBUG org.apache.http.wire -- http-outgoing-2 << "Public-Key-Pins: pin-sha256="Md7QJIL/UMqdHaS73pEkLHm5ofUUE35+r4SYdM014/E=";pin-sha256="blgmjf3Tb3C0sUqb7jo4axiZAnr327fX0ycrUGqjw2k=";pin-sha256="puCdyuZdXoDc5jSdcGKU6mdjd0VNq16yoaO2BcDF36A=";pin-sha256="yQhO6YqQX5Y/NxyHAjXnI3jOtYWUm/TtRr666RunXRg="; pin-sha256="Slt48iBVTjuRQJTjbzopminRrHSGtndY0/sj0lFf9Qk="; max-age=63072000; includeSubDomains[\r][\n]"
13:53:55.452 [main] DEBUG org.apache.http.wire -- http-outgoing-2 << "[\r][\n]"
13:53:55.452 [main] DEBUG org.apache.http.wire -- http-outgoing-2 << "494[\r][\n]"
13:53:55.452 [main] DEBUG org.apache.http.wire -- http-outgoing-2 << "[0x1f][0x8b][0x8][0x0][0x0][0x0][0x0][0x0][0x0][0x3][0xac]W]s[0xda]8[0x14]}[0xef][0xaf][0xd0]zg[0xda][0xee][0xc][0xb6][0xb1][0x1d][0xf3][0x15][0x9b][0x9d][0x84][0x84]4[0xed]f[0x92]&a[0xb2][0xe9]v[0xa7]#[[0xc2]V[0x90]-W[0x12][0x10][0xb2][0xd3][0xff][0xbe]2[0xc6][0xc1]P[\n]"
13:53:55.452 [main] DEBUG org.apache.http.wire -- http-outgoing-2 << "d[0xb7]~0[0xd8][0xba][0xe7][0xe8][0xa0]{[0xaf]t[0xf0]~9[0xb9][0xec][0xdd][0xde]_[0x9d][0x82]X&[0xb4][0xfb][0xca]+?0D[0xdd]W[0x0]x[0x9][0x96][0x10][0x84]1[0xe4][0x2]K_[0x1b][0xdc][0xf6][0xf5][0x96][0xb6][0x1c][0x88][0xa5][0xcc]t[0xfc]uL&[0xbe][0xf6][0xa7]>8[0xd2]{,[0xc9][0xa0]$[0x1][0xc5][0x1a][0x8]Y*q[0xaa]P[0xe7][0xa7]>F[0x11][0xae][0xe0]R[0x98]`_[0x9b][0x10]<[0xcd][0x18][0x97][0x95][0xd0])A2[0xf6][0x11][0x9e][0x90][0x10][0xeb][0xf3][0x87][0x1a]I[0x89]$[0x90][0xea]"[0x84][0x14][0xfb]V[0xc1]"[0x89][0xa4][0xb8]{[0xc9]a[0x1a][0xe1]w[0xd7][0x17][0x9e]Y[0xbc]PC[0xf9][0xe5]Q[0x92][0x8e][0x0][0xc7][0xd4][0xd7][0x88][0xa2][0xd6]@[0xcc][0xf1][0xd0][0xd7][0xcc])[0xe]LD[0x84]4[0x87]p[0x92][0xf][0x18][0xea][0xf6][0xfb][0xc4][0xb7][0x9a][0xb6][0xe5][0xb4][0x1d][0xab][0xdd]v[0xea]m[0xad] )([0xd6]q[0xa1][0x10]f[0x18][0x8f][0xd3][0x91]>[0xc1])b\[0x18][0xea][0xcd]w[0xc][0xc5][0xcc][0x99][0xba]3[0x88]4[0x0][0x85][0xaf][0x9]9[0xa3]x'5[0xcc][0xb2][0x9f]G[0xf8][0xb0].[0xf5]a?[0xe2][0x90][0x93]L[0xee]b[0xce][0x95][0xfe][0x7][0xbe][0x9f][0xb1][0xae][0xf3]_.b[0x8c][0xa5]f[0xfe][0xbf][0x5]]e[0xf2][0xcc][0xa2][0xe8][0xbd][0x80][0xa1][0xd9][0xbc][0xc8][0xe6][0xe3][0xc5][0x14][0x1d][0xce][0x98][0x4][0xff],~Dq[0xe9]:{Dz[0xc6]I[0x2][0xf9]Lg)[0xd6]CF[0x19][0xef][0xfc][0xda][0xef]7[0x8f][0xad][0x93][0xc3]-[0xc1]CU[0xef][0xcb][0xe8][0xfc][0xda][0x14]-[0xb0][0xaa]QT[0xc4][0x8f]y[0x19][0xdf]l[0x1c][0xf7]lkW[0xfc]>[0xfc][0xa5][0x9a][0x88]CDT[0xfb][0xe9]BB^[0xc1][0xb5][0xed][0xfa][0xf1]^8[0x95][0xb3]g[0x94][0xe3][0xf6][0xac][0xe6]vu/[0x9d]o[0x3]r[0xaf][0x19][0xab][0xa9][0xa1]$[0x8a][0xd5][0x16][0xa3][0xbb]%l8lAgo[0x98]S_[0xe2][0xd0]A[0xd0][0xd8][0x85]SjG[0xab][0xb3]5[0xc2][0xba][0xb3][0xb][0x5]i[0x16]C[0xdd]*[0xe7][0xe2]Q[0x0][0xdf][0xda][0xae][[0x3][0x96][0xed][0xd4][0x80][0xdd][0xae][0x81][0xba]a[0xfd][0xb6]'[0x8b][0xbb][0x95][0xc5][0xdd][0x93][0xc6][0xde]*[0xc6][0xde][0x93][0xc5][0xdd][0xca][0xb2]Y[0xcb]Z[0xf5][0x97][0xc0][0xd6][0x1][0xb2]mw[0xf][0xe4]z.[0x1a]-[0xd8][0xb0][0xd0][0x1e][0xc0]M[0xe9][0xb0][0xac][0x96][0xd2][0xde]R7[0xc7][0xf9]q:6[0x13][0xb9][[0x89][0xf6]Z[0x85]MIYg[0xda][0x9c][0x94][0x8d]D[0xee]V[0xa2][0xaa][0xa2]o[0xf9][0x86]hVvD/e[0xc5][0xd6][0xde]}[0x8e]Q[0x1b]&gi[0xd4]][0x99][0xfd][0xe][0xbf][0xe1][0x18][0x8][0xc6][0xf9][0xc][0x4]c[0x9][0xd8][0xfc][0xcc][0x8e]y[0x2][0x10][0xc3]"}#[0xc1][0x94][0xf1][0x11][0xc8]8[0xcb]0[0xa7]30%2f*[0xee]=[0x9c][0xc0][0x9b][0xf9][0x4][0x0][0xa7]P[0x19][\n]"
13:53:55.452 [main] DEBUG org.apache.http.wire -- http-outgoing-2 << "d[0x80]+[0x8a][0xa1][0xc0][0x8b]g@$[0x90]ln[0x1d]H:[0xc6][0xc6]R[0x86]Y[0xd5][0xe1][0x99]K[0xa1][0xc5][0xb]D&[0x80] _S[0x87]Cy[0xcc][0xc1][0xb1][0x8c]u[0xca]"[0x92][0xae]h[0xef]H[0xa6]*[0xc7][0xd7]^[0x1d]3yh[0xb7][0xeb][0x7][0xc3][0xa0][0x19] [0x84][0x82][0xf6][0x1][0xb6][0x9d]@[0x1d])[0x8e]e7[0x8c][0xcb]3![0xd8]d[0xc4][0x9a][0x19][0xbd]i[0xde][0xf7][0x9f][0x6][0xc7][0xe9]d[0xf6][0xe1]*}[0xdf]l[0xf7].[0x8e][0xb3][0xa3]{[0xdd]::[0xe6]ux[0xf5][0xa9]n[0xdc]>[0xc5]v[0x8b]_;[0x9][0xba][0xf8][0x14][0xfd][0xd1][0xef][0x9d][0xf7][0xdf][0x5][0xf][0xe2][0xe6][0xf2]zx[0x9a][0xf6][0xce][0xe]>[0x9e][0x18]8[0x83]av}[0x82][0xdb][0xce][0xdd][0xdd][0xf8][0xa3][0xb4][0x9f]B[0xeb][0xd6][0x9][0x1b]Q[0xa1]B[U8[0x17][0x9d]Kg[0xba][0xe0]a)[0xf5]s~[0xc]~6U[0x1b]FX|6[0x99]Z[0xee]/y[0x8c][0x91][0xa5][0xdb]h[0x2][0x98][0xa6][0x98][0xef]"[\n]"
13:53:55.452 [main] DEBUG org.apache.http.wire -- http-outgoing-2 << "T[0x6][0x11]I[0xa3][0x9c]l[0xfd]d[0xdd]H.b6[0xd5][0x5][0xb]s[0x17][0x97]`D[0xa0][0xaf]I>[0xc6]kQD[0xe8][0x8]'LO[0x18][0xc2][0x1b][0x3][0xf2]$[0xa9][0xbd][0x9f][0x84]P*[0x87][0xe0]k[0xfd][0xbd][0xc]X[0xe4]Q[0xe2]$[0xa3]Pb0[0xd1][0x5]e[0xb2]3T[0xa7]6[0xe6][0x95][\n]"
13:53:55.453 [main] DEBUG org.apache.http.wire -- http-outgoing-2 << "[0xcd]s[0x1f]R([0x14][0xfc][0xb9][0x10]U[0xb]d3[0x9e]o/[0xfa][0x94][0xab][0xa2][0xc0]\[-a/[0xef][0x1f][0x89][0x1f]U[0xbd][0xc1]H[0xd9][0x1b]m[0xb][0x85][0xb6]4[0xa5][0xe0][0xf2][0x6][0xb8]F[0xd3]3K[0xb8][0xf2][0x16]/bz[0x9d]?[0x4]v[0xbd][0xee][0x2]]}[0xd8][0xae][0xaa][0xd4][0x85][0xcf][0xc9][0x9d]w[0xc7]4[0xa7][0xd3][0xa9][0xf1][0x8c]5B[0x96]h[0x8a][0x99]G[0xb9]W[0xff][0x12]P[0x98][0x8e]*zj[0xe0]<[\r]=[0x13]v[\r]pD)[0x98]O"[0x94][0x13][0x12][0x98]OTwUu.[I-X[0xd9]G[0xe5][0xe2][0x96][0xcf][0xcb][0xa6])[0xdf],[0x83][0x8b][0x8e][0x3]r[0x96][0xe5][0xb9]T[0x9c][0xe6][0x83][0xea][0xe7]5/[0x8]T[0xb3]+[0xb7]75[0xd4][0xa2][0x9f]Q[0x16]@[\n]"
13:53:55.453 [main] DEBUG org.apache.http.wire -- http-outgoing-2 << "[0xfc][0x15][0x8f][0x15][0xa8]n[0x1f]p[0xda][0x1][0x85][0xad]S[0xc1][0xf8][0xd1][0xc8][0xe2]L[0xab]U[0x82][0xb2]q@Ix[0x5]e[0xbc][0x88][0xab][0x8c]~;\([0xab]nU[0xa5][0xb8]y[0x99][0xbf][0xcc]/w[0xf7]e[0xfa][0x81]?[0xae][0xe0]=[0xb3][0xf0][0x99][0xca]v[0xce][0xff]r[0xfd][0xb][0x0][0x0][0xff][0xff][0x3][0x0]'[0xf7]r[0xd5][0x8a][\r][0x0][0x0][\r][\n]"
13:53:55.453 [main] DEBUG org.apache.http.wire -- http-outgoing-2 << "0[\r][\n]"
13:53:55.453 [main] DEBUG org.apache.http.wire -- http-outgoing-2 << "[\r][\n]"
13:53:55.453 [main] DEBUG org.apache.http.headers -- http-outgoing-2 << HTTP/1.1 200 OK
13:53:55.453 [main] DEBUG org.apache.http.headers -- http-outgoing-2 << Server: nginx
13:53:55.453 [main] DEBUG org.apache.http.headers -- http-outgoing-2 << Date: Sun, 07 Dec 2025 18:53:55 GMT
13:53:55.453 [main] DEBUG org.apache.http.headers -- http-outgoing-2 << Content-Type: text/html; charset=UTF-8
13:53:55.453 [main] DEBUG org.apache.http.headers -- http-outgoing-2 << Transfer-Encoding: chunked
13:53:55.453 [main] DEBUG org.apache.http.headers -- http-outgoing-2 << Connection: keep-alive
13:53:55.453 [main] DEBUG org.apache.http.headers -- http-outgoing-2 << Set-Cookie: orangehrm=9meid05kl3s4nph6fqe2r7i9pi; path=/web; secure; HttpOnly; SameSite=Lax
13:53:55.453 [main] DEBUG org.apache.http.headers -- http-outgoing-2 << Cache-Control: no-cache, private
13:53:55.453 [main] DEBUG org.apache.http.headers -- http-outgoing-2 << Vary: Accept-Encoding
13:53:55.453 [main] DEBUG org.apache.http.headers -- http-outgoing-2 << Content-Encoding: gzip
13:53:55.453 [main] DEBUG org.apache.http.headers -- http-outgoing-2 << X-Content-Type-Options: nosniff
13:53:55.453 [main] DEBUG org.apache.http.headers -- http-outgoing-2 << X-XSS-Protection: 1; mode=block
13:53:55.453 [main] DEBUG org.apache.http.headers -- http-outgoing-2 << Strict-Transport-Security: max-age=31536000; includeSubdomains; 
13:53:55.453 [main] DEBUG org.apache.http.headers -- http-outgoing-2 << Content-Security-Policy: default-src 'self' *.projects-abroad.net fonts.googleapis.com fonts.gstatic.com code.jquery.com maxcdn.bootstrapcdn.com ajax.googleapis.com cdnjs.cloudflare.com native.testing.equest.com www.google.com *.docusign.net www.youtube.com youtu.be player.vimeo.com docs.google.com 'unsafe-inline' 'unsafe-eval' data: font;frame-src 'self' www.youtube.com www.vimeo.com vimeo.com www.yahoo.com www.dailymotion.com www.metacafe.com www.ustream.tv native.testing.equest.com sandbox.e-signlive.com *.orangehrmlive.com *.orangehrm.com *.amazonaws.com;connect-src 'self' *.orangehrm.com *.orangehrmlive.com;worker-src blob: 'self';img-src * 'self' data: blob:
13:53:55.453 [main] DEBUG org.apache.http.headers -- http-outgoing-2 << client_max_body_size: 50M
13:53:55.453 [main] DEBUG org.apache.http.headers -- http-outgoing-2 << Public-Key-Pins: pin-sha256="Md7QJIL/UMqdHaS73pEkLHm5ofUUE35+r4SYdM014/E=";pin-sha256="blgmjf3Tb3C0sUqb7jo4axiZAnr327fX0ycrUGqjw2k=";pin-sha256="puCdyuZdXoDc5jSdcGKU6mdjd0VNq16yoaO2BcDF36A=";pin-sha256="yQhO6YqQX5Y/NxyHAjXnI3jOtYWUm/TtRr666RunXRg="; pin-sha256="Slt48iBVTjuRQJTjbzopminRrHSGtndY0/sj0lFf9Qk="; max-age=63072000; includeSubDomains
13:53:55.453 [main] DEBUG org.apache.http.impl.execchain.MainClientExec -- Connection can be kept alive indefinitely
13:53:55.453 [main] DEBUG org.apache.http.client.protocol.ResponseProcessCookies -- Cookie accepted [orangehrm="9meid05kl3s4nph6fqe2r7i9pi", version:0, domain:opensource-demo.orangehrmlive.com, path:/web, expiry:null]
13:53:55.453 [main] DEBUG org.apache.http.impl.conn.DefaultManagedHttpClientConnection -- http-outgoing-2: Close connection
13:53:55.542 [main] DEBUG org.apache.http.impl.execchain.MainClientExec -- Connection discarded
13:53:55.542 [main] DEBUG org.apache.http.impl.conn.PoolingHttpClientConnectionManager -- Connection released: [id: 2][route: {s}->https://opensource-demo.orangehrmlive.com:443][total available: 0; route allocated: 0 of 5; total allocated: 0 of 10]
13:53:55.542 [main] DEBUG org.apache.http.impl.conn.PoolingHttpClientConnectionManager -- Connection manager is shutting down
13:53:55.542 [main] DEBUG org.apache.http.impl.conn.PoolingHttpClientConnectionManager -- Connection manager shut down
13:53:55.542 [main] DEBUG com.intuit.karate -- response time in milliseconds: 376
1 < 200
1 < Server: nginx
1 < Date: Sun, 07 Dec 2025 18:53:55 GMT
1 < Content-Type: text/html; charset=UTF-8
1 < Transfer-Encoding: chunked
1 < Connection: keep-alive
1 < Set-Cookie: orangehrm=9meid05kl3s4nph6fqe2r7i9pi; path=/web; secure; HttpOnly; SameSite=Lax
1 < Cache-Control: no-cache, private
1 < Vary: Accept-Encoding
1 < X-Content-Type-Options: nosniff
1 < X-XSS-Protection: 1; mode=block
1 < Strict-Transport-Security: max-age=31536000; includeSubdomains;
1 < Content-Security-Policy: default-src 'self' *.projects-abroad.net fonts.googleapis.com fonts.gstatic.com code.jquery.com maxcdn.bootstrapcdn.com ajax.googleapis.com cdnjs.cloudflare.com native.testing.equest.com www.google.com *.docusign.net www.youtube.com youtu.be player.vimeo.com docs.google.com 'unsafe-inline' 'unsafe-eval' data: font;frame-src 'self' www.youtube.com www.vimeo.com vimeo.com www.yahoo.com www.dailymotion.com www.metacafe.com www.ustream.tv native.testing.equest.com sandbox.e-signlive.com *.orangehrmlive.com *.orangehrm.com *.amazonaws.com;connect-src 'self' *.orangehrm.com *.orangehrmlive.com;worker-src blob: 'self';img-src * 'self' data: blob:
1 < client_max_body_size: 50M
1 < Public-Key-Pins: pin-sha256="Md7QJIL/UMqdHaS73pEkLHm5ofUUE35+r4SYdM014/E=";pin-sha256="blgmjf3Tb3C0sUqb7jo4axiZAnr327fX0ycrUGqjw2k=";pin-sha256="puCdyuZdXoDc5jSdcGKU6mdjd0VNq16yoaO2BcDF36A=";pin-sha256="yQhO6YqQX5Y/NxyHAjXnI3jOtYWUm/TtRr666RunXRg="; pin-sha256="Slt48iBVTjuRQJTjbzopminRrHSGtndY0/sj0lFf9Qk="; max-age=63072000; includeSubDomains
<!DOCTYPE html>
<html>
<head>
  <meta charset="UTF-8">
  <meta http-equiv="X-UA-Compatible" content="IE=edge">
  <meta name="viewport" content="width=device-width,initial-scale=1">
  <title>OrangeHRM</title>
      <link rel="icon" href="/web/dist/favicon.ico?v=1721393199309">
    <link href="/web/dist/css/chunk-vendors.css?v=1721393199309" rel="preload" as="style">
    <link href="/web/dist/css/app.css?v=1721393199309" rel="preload" as="style">
    <link href="/web/dist/js/chunk-vendors.js?v=1721393199309" rel="preload" as="script">
    <link href="/web/dist/js/app.js?v=1721393199309" rel="preload" as="script">
      <link href="/web/dist/css/chunk-vendors.css?v=1721393199309" rel="stylesheet"/>
    <link href="/web/dist/css/app.css?v=1721393199309" rel="stylesheet"/>
</head>
<body>
  <style>
    :root {
            --oxd-primary-one-color:#FF7B1D;
            --oxd-primary-font-color:#FFFFFF;
            --oxd-secondary-four-color:#76BC21;
            --oxd-secondary-font-color:#FFFFFF;
            --oxd-primary-gradient-start-color:#FF920B;
            --oxd-primary-gradient-end-color:#F35C17;
            --oxd-secondary-gradient-start-color:#FF920B;
            --oxd-secondary-gradient-end-color:#F35C17;
            --oxd-primary-one-lighten-5-color:#ff8a37;
            --oxd-primary-one-lighten-30-color:#ffd4b6;
            --oxd-primary-one-darken-5-color:#ff6c03;
            --oxd-primary-one-alpha-10-color:rgba(255, 123, 29, 0.1);
            --oxd-primary-one-alpha-15-color:rgba(255, 123, 29, 0.15);
            --oxd-primary-one-alpha-20-color:rgba(255, 123, 29, 0.2);
            --oxd-primary-one-alpha-50-color:rgba(255, 123, 29, 0.5);
            --oxd-secondary-four-lighten-5-color:#84d225;
            --oxd-secondary-four-darken-5-color:#68a61d;
            --oxd-secondary-four-alpha-10-color:rgba(118, 188, 33, 0.1);
            --oxd-secondary-four-alpha-15-color:rgba(118, 188, 33, 0.15);
            --oxd-secondary-four-alpha-20-color:rgba(118, 188, 33, 0.2);
            --oxd-secondary-four-alpha-50-color:rgba(118, 188, 33, 0.5);
        }
  </style>
    <noscript>
        <strong>
            We're sorry but orangehrm doesn't work properly without JavaScript enabled. Please enable it to continue.
        </strong>
    </noscript>

    <div id="app">
    <auth-login
            :token="&quot;2904fb7bdddb94e23b2133126.OGssovko7plS7YFzUBnvyKPnJ79CMBpAY-1ABr0aPZ0.Tzh28rR3mdMZgLFCIFHbjsSORfEnCG4QIKU3UfpRDe93WWuQt2zc1T3c6g&quot;"
            :login-logo-src="&quot;\/web\/images\/ohrm_logo.png&quot;"
            :login-banner-src="&quot;\/web\/images\/ohrm_branding.png?v=1721393199309&quot;"
            :show-social-media="true"
            :is-demo-mode="true"
            :authenticators="[]"
        >
    <template v-slot:footer>
        <div class="orangehrm-copyright-wrapper">
            <oxd-text tag="p" class="orangehrm-copyright">OrangeHRM OS 5.7</oxd-text>
<oxd-text tag="p" class="orangehrm-copyright">&copy; 2005 - 2025 <a href="http://www.orangehrm.com" target="_blank">OrangeHRM, Inc</a>. All rights reserved.</oxd-text>
        </div>
    </template>
    </auth-login>
    </div>
    <script type="text/javascript">
        window.appGlobal = {
          baseUrl: "/web/index.php",
          publicPath: "/web",
        };
    </script>
    <script src="/web/dist/js/chunk-vendors.js?v=1721393199309"></script>
    <script src="/web/dist/js/app.js?v=1721393199309"></script>
</body>
</html>


13:53:55.548 [main] DEBUG org.apache.http.client.protocol.RequestAddCookies -- CookieSpec selected: karate
13:53:55.548 [main] DEBUG org.apache.http.client.protocol.RequestAuthCache -- Auth cache not set in the context
13:53:55.548 [main] DEBUG com.intuit.karate -- request:
2 > POST https://opensource-demo.orangehrmlive.com/web/index.php/auth/validate
2 > Content-Type: application/x-www-form-urlencoded
2 > Cookie: orangehrm=9meid05kl3s4nph6fqe2r7i9pi
2 > Content-Length: 173
2 > Host: opensource-demo.orangehrmlive.com
2 > Connection: Keep-Alive
2 > User-Agent: Apache-HttpClient/4.5.14 (Java/21.0.5)
2 > Accept-Encoding: gzip,deflate
username=Admin&password=ClaveFalsa123&_token=2904fb7bdddb94e23b2133126.OGssovko7plS7YFzUBnvyKPnJ79CMBpAY-1ABr0aPZ0.Tzh28rR3mdMZgLFCIFHbjsSORfEnCG4QIKU3UfpRDe93WWuQt2zc1T3c6g

13:53:55.548 [main] DEBUG org.apache.http.impl.conn.PoolingHttpClientConnectionManager -- Connection request: [route: {s}->https://opensource-demo.orangehrmlive.com:443][total available: 0; route allocated: 0 of 5; total allocated: 0 of 10]
13:53:55.548 [main] DEBUG org.apache.http.impl.conn.PoolingHttpClientConnectionManager -- Connection leased: [id: 3][route: {s}->https://opensource-demo.orangehrmlive.com:443][total available: 0; route allocated: 1 of 5; total allocated: 1 of 10]
13:53:55.548 [main] DEBUG org.apache.http.impl.execchain.MainClientExec -- Opening connection {s}->https://opensource-demo.orangehrmlive.com:443
13:53:55.548 [main] DEBUG org.apache.http.impl.conn.DefaultHttpClientConnectionOperator -- Connecting to opensource-demo.orangehrmlive.com/34.205.40.6:443
13:53:55.548 [main] DEBUG org.apache.http.conn.ssl.SSLConnectionSocketFactory -- Connecting socket to opensource-demo.orangehrmlive.com/34.205.40.6:443 with timeout 30000
13:53:55.632 [main] DEBUG org.apache.http.conn.ssl.SSLConnectionSocketFactory -- Enabled protocols: [TLSv1.3, TLSv1.2]
13:53:55.632 [main] DEBUG org.apache.http.conn.ssl.SSLConnectionSocketFactory -- Enabled cipher suites:[TLS_AES_256_GCM_SHA384, TLS_AES_128_GCM_SHA256, TLS_CHACHA20_POLY1305_SHA256, TLS_ECDHE_ECDSA_WITH_AES_256_GCM_SHA384, TLS_ECDHE_ECDSA_WITH_AES_128_GCM_SHA256, TLS_ECDHE_ECDSA_WITH_CHACHA20_POLY1305_SHA256, TLS_ECDHE_RSA_WITH_AES_256_GCM_SHA384, TLS_ECDHE_RSA_WITH_CHACHA20_POLY1305_SHA256, TLS_ECDHE_RSA_WITH_AES_128_GCM_SHA256, TLS_DHE_RSA_WITH_AES_256_GCM_SHA384, TLS_DHE_RSA_WITH_CHACHA20_POLY1305_SHA256, TLS_DHE_DSS_WITH_AES_256_GCM_SHA384, TLS_DHE_RSA_WITH_AES_128_GCM_SHA256, TLS_DHE_DSS_WITH_AES_128_GCM_SHA256, TLS_ECDHE_ECDSA_WITH_AES_256_CBC_SHA384, TLS_ECDHE_RSA_WITH_AES_256_CBC_SHA384, TLS_ECDHE_ECDSA_WITH_AES_128_CBC_SHA256, TLS_ECDHE_RSA_WITH_AES_128_CBC_SHA256, TLS_DHE_RSA_WITH_AES_256_CBC_SHA256, TLS_DHE_DSS_WITH_AES_256_CBC_SHA256, TLS_DHE_RSA_WITH_AES_128_CBC_SHA256, TLS_DHE_DSS_WITH_AES_128_CBC_SHA256, TLS_ECDHE_ECDSA_WITH_AES_256_CBC_SHA, TLS_ECDHE_RSA_WITH_AES_256_CBC_SHA, TLS_ECDHE_ECDSA_WITH_AES_128_CBC_SHA, TLS_ECDHE_RSA_WITH_AES_128_CBC_SHA, TLS_DHE_RSA_WITH_AES_256_CBC_SHA, TLS_DHE_DSS_WITH_AES_256_CBC_SHA, TLS_DHE_RSA_WITH_AES_128_CBC_SHA, TLS_DHE_DSS_WITH_AES_128_CBC_SHA, TLS_RSA_WITH_AES_256_GCM_SHA384, TLS_RSA_WITH_AES_128_GCM_SHA256, TLS_RSA_WITH_AES_256_CBC_SHA256, TLS_RSA_WITH_AES_128_CBC_SHA256, TLS_RSA_WITH_AES_256_CBC_SHA, TLS_RSA_WITH_AES_128_CBC_SHA, TLS_EMPTY_RENEGOTIATION_INFO_SCSV]
13:53:55.632 [main] DEBUG org.apache.http.conn.ssl.SSLConnectionSocketFactory -- Starting handshake
13:53:55.718 [main] DEBUG org.apache.http.conn.ssl.SSLConnectionSocketFactory -- Secure session established
13:53:55.718 [main] DEBUG org.apache.http.conn.ssl.SSLConnectionSocketFactory --  negotiated protocol: TLSv1.3
13:53:55.718 [main] DEBUG org.apache.http.conn.ssl.SSLConnectionSocketFactory --  negotiated cipher suite: TLS_AES_256_GCM_SHA384
13:53:55.718 [main] DEBUG org.apache.http.conn.ssl.SSLConnectionSocketFactory --  peer principal: CN=*.orangehrmlive.com
13:53:55.718 [main] DEBUG org.apache.http.conn.ssl.SSLConnectionSocketFactory --  peer alternative names: [*.orangehrmlive.com, orangehrmlive.com]
13:53:55.718 [main] DEBUG org.apache.http.conn.ssl.SSLConnectionSocketFactory --  issuer principal: CN=GeoTrust TLS RSA CA G1, OU=www.digicert.com, O=DigiCert Inc, C=US
13:53:55.718 [main] DEBUG org.apache.http.impl.conn.DefaultHttpClientConnectionOperator -- Connection established 192.168.1.69:49722<->34.205.40.6:443
13:53:55.718 [main] DEBUG org.apache.http.impl.conn.DefaultManagedHttpClientConnection -- http-outgoing-3: set socket timeout to 30000
13:53:55.718 [main] DEBUG org.apache.http.impl.execchain.MainClientExec -- Executing request POST /web/index.php/auth/validate HTTP/1.1
13:53:55.718 [main] DEBUG org.apache.http.impl.execchain.MainClientExec -- Target auth state: UNCHALLENGED
13:53:55.718 [main] DEBUG org.apache.http.impl.execchain.MainClientExec -- Proxy auth state: UNCHALLENGED
13:53:55.718 [main] DEBUG org.apache.http.headers -- http-outgoing-3 >> POST /web/index.php/auth/validate HTTP/1.1
13:53:55.718 [main] DEBUG org.apache.http.headers -- http-outgoing-3 >> Content-Type: application/x-www-form-urlencoded
13:53:55.718 [main] DEBUG org.apache.http.headers -- http-outgoing-3 >> Cookie: orangehrm=9meid05kl3s4nph6fqe2r7i9pi
13:53:55.718 [main] DEBUG org.apache.http.headers -- http-outgoing-3 >> Content-Length: 173
13:53:55.718 [main] DEBUG org.apache.http.headers -- http-outgoing-3 >> Host: opensource-demo.orangehrmlive.com
13:53:55.718 [main] DEBUG org.apache.http.headers -- http-outgoing-3 >> Connection: Keep-Alive
13:53:55.718 [main] DEBUG org.apache.http.headers -- http-outgoing-3 >> User-Agent: Apache-HttpClient/4.5.14 (Java/21.0.5)
13:53:55.718 [main] DEBUG org.apache.http.headers -- http-outgoing-3 >> Accept-Encoding: gzip,deflate
13:53:55.718 [main] DEBUG org.apache.http.wire -- http-outgoing-3 >> "POST /web/index.php/auth/validate HTTP/1.1[\r][\n]"
13:53:55.718 [main] DEBUG org.apache.http.wire -- http-outgoing-3 >> "Content-Type: application/x-www-form-urlencoded[\r][\n]"
13:53:55.718 [main] DEBUG org.apache.http.wire -- http-outgoing-3 >> "Cookie: orangehrm=9meid05kl3s4nph6fqe2r7i9pi[\r][\n]"
13:53:55.718 [main] DEBUG org.apache.http.wire -- http-outgoing-3 >> "Content-Length: 173[\r][\n]"
13:53:55.718 [main] DEBUG org.apache.http.wire -- http-outgoing-3 >> "Host: opensource-demo.orangehrmlive.com[\r][\n]"
13:53:55.718 [main] DEBUG org.apache.http.wire -- http-outgoing-3 >> "Connection: Keep-Alive[\r][\n]"
13:53:55.718 [main] DEBUG org.apache.http.wire -- http-outgoing-3 >> "User-Agent: Apache-HttpClient/4.5.14 (Java/21.0.5)[\r][\n]"
13:53:55.718 [main] DEBUG org.apache.http.wire -- http-outgoing-3 >> "Accept-Encoding: gzip,deflate[\r][\n]"
13:53:55.718 [main] DEBUG org.apache.http.wire -- http-outgoing-3 >> "[\r][\n]"
13:53:55.718 [main] DEBUG org.apache.http.wire -- http-outgoing-3 >> "username=Admin&password=ClaveFalsa123&_token=2904fb7bdddb94e23b2133126.OGssovko7plS7YFzUBnvyKPnJ79CMBpAY-1ABr0aPZ0.Tzh28rR3mdMZgLFCIFHbjsSORfEnCG4QIKU3UfpRDe93WWuQt2zc1T3c6g"
13:53:56.179 [main] DEBUG org.apache.http.wire -- http-outgoing-3 << "HTTP/1.1 302 Found[\r][\n]"
13:53:56.179 [main] DEBUG org.apache.http.wire -- http-outgoing-3 << "Server: nginx[\r][\n]"
13:53:56.179 [main] DEBUG org.apache.http.wire -- http-outgoing-3 << "Date: Sun, 07 Dec 2025 18:53:56 GMT[\r][\n]"
13:53:56.179 [main] DEBUG org.apache.http.wire -- http-outgoing-3 << "Content-Type: text/html; charset=UTF-8[\r][\n]"
13:53:56.179 [main] DEBUG org.apache.http.wire -- http-outgoing-3 << "Transfer-Encoding: chunked[\r][\n]"
13:53:56.179 [main] DEBUG org.apache.http.wire -- http-outgoing-3 << "Connection: keep-alive[\r][\n]"
13:53:56.179 [main] DEBUG org.apache.http.wire -- http-outgoing-3 << "Cache-Control: no-cache, private[\r][\n]"
13:53:56.179 [main] DEBUG org.apache.http.wire -- http-outgoing-3 << "Location: https://opensource-demo.orangehrmlive.com/web/index.php/auth/login[\r][\n]"
13:53:56.179 [main] DEBUG org.apache.http.wire -- http-outgoing-3 << "X-Content-Type-Options: nosniff[\r][\n]"
13:53:56.179 [main] DEBUG org.apache.http.wire -- http-outgoing-3 << "X-XSS-Protection: 1; mode=block[\r][\n]"
13:53:56.179 [main] DEBUG org.apache.http.wire -- http-outgoing-3 << "Strict-Transport-Security: max-age=31536000; includeSubdomains; [\r][\n]"
13:53:56.179 [main] DEBUG org.apache.http.wire -- http-outgoing-3 << "Content-Security-Policy: default-src 'self' *.projects-abroad.net fonts.googleapis.com fonts.gstatic.com code.jquery.com maxcdn.bootstrapcdn.com ajax.googleapis.com cdnjs.cloudflare.com native.testing.equest.com www.google.com *.docusign.net www.youtube.com youtu.be player.vimeo.com docs.google.com 'unsafe-inline' 'unsafe-eval' data: font;frame-src 'self' www.youtube.com www.vimeo.com vimeo.com www.yahoo.com www.dailymotion.com www.metacafe.com www.ustream.tv native.testing.equest.com sandbox.e-signlive.com *.orangehrmlive.com *.orangehrm.com *.amazonaws.com;connect-src 'self' *.orangehrm.com *.orangehrmlive.com;worker-src blob: 'self';img-src * 'self' data: blob:[\r][\n]"
13:53:56.179 [main] DEBUG org.apache.http.wire -- http-outgoing-3 << "client_max_body_size: 50M[\r][\n]"
13:53:56.179 [main] DEBUG org.apache.http.wire -- http-outgoing-3 << "Public-Key-Pins: pin-sha256="Md7QJIL/UMqdHaS73pEkLHm5ofUUE35+r4SYdM014/E=";pin-sha256="blgmjf3Tb3C0sUqb7jo4axiZAnr327fX0ycrUGqjw2k=";pin-sha256="puCdyuZdXoDc5jSdcGKU6mdjd0VNq16yoaO2BcDF36A=";pin-sha256="yQhO6YqQX5Y/NxyHAjXnI3jOtYWUm/TtRr666RunXRg="; pin-sha256="Slt48iBVTjuRQJTjbzopminRrHSGtndY0/sj0lFf9Qk="; max-age=63072000; includeSubDomains[\r][\n]"
13:53:56.179 [main] DEBUG org.apache.http.wire -- http-outgoing-3 << "[\r][\n]"
13:53:56.179 [main] DEBUG org.apache.http.wire -- http-outgoing-3 << "1fe[\r][\n]"
13:53:56.179 [main] DEBUG org.apache.http.wire -- http-outgoing-3 << "<!DOCTYPE html>[\n]"
13:53:56.179 [main] DEBUG org.apache.http.wire -- http-outgoing-3 << "<html>[\n]"
13:53:56.179 [main] DEBUG org.apache.http.wire -- http-outgoing-3 << "    <head>[\n]"
13:53:56.179 [main] DEBUG org.apache.http.wire -- http-outgoing-3 << "        <meta charset="UTF-8" />[\n]"
13:53:56.179 [main] DEBUG org.apache.http.wire -- http-outgoing-3 << "        <meta http-equiv="refresh" content="0;url='https://opensource-demo.orangehrmlive.com/web/index.php/auth/login'" />[\n]"
13:53:56.179 [main] DEBUG org.apache.http.wire -- http-outgoing-3 << "[\n]"
13:53:56.179 [main] DEBUG org.apache.http.wire -- http-outgoing-3 << "        <title>Redirecting to https://opensource-demo.orangehrmlive.com/web/index.php/auth/login</title>[\n]"
13:53:56.179 [main] DEBUG org.apache.http.wire -- http-outgoing-3 << "    </head>[\n]"
13:53:56.179 [main] DEBUG org.apache.http.wire -- http-outgoing-3 << "    <body>[\n]"
[...]
[THYMELEAF]             * [* {th:sandbox,data-th-sandbox}] [1000]: org.thymeleaf.standard.processor.StandardRemovableAttributeTagProcessor
[THYMELEAF]             * [* {th:max,data-th-max}] [1000]: org.thymeleaf.standard.processor.StandardRemovableAttributeTagProcessor
[THYMELEAF]             * [* {th:style,data-th-style}] [1000]: org.thymeleaf.standard.processor.StandardRemovableAttributeTagProcessor
[THYMELEAF]             * [* {th:pattern,data-th-pattern}] [1000]: org.thymeleaf.standard.processor.StandardRemovableAttributeTagProcessor
[THYMELEAF]             * [* {th:longdesc,data-th-longdesc}] [1000]: org.thymeleaf.standard.processor.StandardRemovableAttributeTagProcessor
[THYMELEAF]             * [* {th:cols,data-th-cols}] [1000]: org.thymeleaf.standard.processor.StandardRemovableAttributeTagProcessor
[THYMELEAF]             * [* {th:content,data-th-content}] [1000]: org.thymeleaf.standard.processor.StandardRemovableAttributeTagProcessor
[THYMELEAF]             * [* {th:list,data-th-list}] [1000]: org.thymeleaf.standard.processor.StandardRemovableAttributeTagProcessor
[THYMELEAF]             * [* {th:draggable,data-th-draggable}] [1000]: org.thymeleaf.standard.processor.StandardRemovableAttributeTagProcessor
[THYMELEAF]             * [* {th:rules,data-th-rules}] [1000]: org.thymeleaf.standard.processor.StandardRemovableAttributeTagProcessor
[THYMELEAF]             * [* {th:datetime,data-th-datetime}] [1000]: org.thymeleaf.standard.processor.StandardRemovableAttributeTagProcessor
[THYMELEAF]             * [* {th:challenge,data-th-challenge}] [1000]: org.thymeleaf.standard.processor.StandardRemovableAttributeTagProcessor
[THYMELEAF]             * [* {th:cellspacing,data-th-cellspacing}] [1000]: org.thymeleaf.standard.processor.StandardRemovableAttributeTagProcessor
[THYMELEAF]             * [* {th:tabindex,data-th-tabindex}] [1000]: org.thymeleaf.standard.processor.StandardRemovableAttributeTagProcessor
[THYMELEAF]             * [* {th:rev,data-th-rev}] [1000]: org.thymeleaf.standard.processor.StandardRemovableAttributeTagProcessor
[THYMELEAF]             * [* {th:accept-charset,data-th-accept-charset}] [1000]: org.thymeleaf.standard.processor.StandardRemovableAttributeTagProcessor
[THYMELEAF]             * [* {th:title,data-th-title}] [1000]: org.thymeleaf.standard.processor.StandardRemovableAttributeTagProcessor
[THYMELEAF]             * [* {th:sizes,data-th-sizes}] [1000]: org.thymeleaf.standard.processor.StandardRemovableAttributeTagProcessor
[THYMELEAF]             * [* {th:background,data-th-background}] [1000]: org.thymeleaf.standard.processor.StandardRemovableAttributeTagProcessor
[THYMELEAF]             * [* {th:codetype,data-th-codetype}] [1000]: org.thymeleaf.standard.processor.StandardRemovableAttributeTagProcessor
[THYMELEAF]             * [* {th:high,data-th-high}] [1000]: org.thymeleaf.standard.processor.StandardRemovableAttributeTagProcessor
[THYMELEAF]             * [* {th:kind,data-th-kind}] [1000]: org.thymeleaf.standard.processor.StandardRemovableAttributeTagProcessor
[THYMELEAF]             * [* {th:media,data-th-media}] [1000]: org.thymeleaf.standard.processor.StandardRemovableAttributeTagProcessor
[THYMELEAF]             * [* {th:scope,data-th-scope}] [1000]: org.thymeleaf.standard.processor.StandardRemovableAttributeTagProcessor
[THYMELEAF]             * [* {th:formaction,data-th-formaction}] [1000]: org.thymeleaf.standard.processor.StandardRemovableAttributeTagProcessor
[THYMELEAF]             * [* {th:vspace,data-th-vspace}] [1000]: org.thymeleaf.standard.processor.StandardRemovableAttributeTagProcessor
[THYMELEAF]             * [* {th:bgcolor,data-th-bgcolor}] [1000]: org.thymeleaf.standard.processor.StandardRemovableAttributeTagProcessor
[THYMELEAF]             * [* {th:srclang,data-th-srclang}] [1000]: org.thymeleaf.standard.processor.StandardRemovableAttributeTagProcessor
[THYMELEAF]             * [* {th:lang,data-th-lang}] [1000]: org.thymeleaf.standard.processor.StandardRemovableAttributeTagProcessor
[THYMELEAF]             * [* {th:for,data-th-for}] [1000]: org.thymeleaf.standard.processor.StandardRemovableAttributeTagProcessor
[THYMELEAF]             * [* {th:hspace,data-th-hspace}] [1000]: org.thymeleaf.standard.processor.StandardRemovableAttributeTagProcessor
[THYMELEAF]             * [* {th:dropzone,data-th-dropzone}] [1000]: org.thymeleaf.standard.processor.StandardRemovableAttributeTagProcessor
[THYMELEAF]             * [* {th:keytype,data-th-keytype}] [1000]: org.thymeleaf.standard.processor.StandardRemovableAttributeTagProcessor
[THYMELEAF]             * [* {th:border,data-th-border}] [1000]: org.thymeleaf.standard.processor.StandardRemovableAttributeTagProcessor
[THYMELEAF]             * [* {th:http-equiv,data-th-http-equiv}] [1000]: org.thymeleaf.standard.processor.StandardRemovableAttributeTagProcessor
[THYMELEAF]             * [* {th:placeholder,data-th-placeholder}] [1000]: org.thymeleaf.standard.processor.StandardRemovableAttributeTagProcessor
[THYMELEAF]             * [* {th:form,data-th-form}] [1000]: org.thymeleaf.standard.processor.StandardRemovableAttributeTagProcessor
[THYMELEAF]             * [* {th:charset,data-th-charset}] [1000]: org.thymeleaf.standard.processor.StandardRemovableAttributeTagProcessor
[THYMELEAF]             * [* {th:archive,data-th-archive}] [1000]: org.thymeleaf.standard.processor.StandardRemovableAttributeTagProcessor
[THYMELEAF]             * [* {th:src,data-th-src}] [1000]: org.thymeleaf.standard.processor.StandardSrcTagProcessor
[THYMELEAF]             * [* {th:value,data-th-value}] [1000]: org.thymeleaf.standard.processor.StandardValueTagProcessor
[THYMELEAF]             * [* {th:xmlbase,data-th-xmlbase}] [1000]: org.thymeleaf.standard.processor.StandardXmlBaseTagProcessor
[THYMELEAF]             * [* {th:xmllang,data-th-xmllang}] [1000]: org.thymeleaf.standard.processor.StandardXmlLangTagProcessor
[THYMELEAF]             * [* {xmlns:th}] [1000]: org.thymeleaf.standard.processor.StandardXmlNsTagProcessor
[THYMELEAF]             * [* {th:xmlspace,data-th-xmlspace}] [1000]: org.thymeleaf.standard.processor.StandardXmlSpaceTagProcessor
[THYMELEAF]             * [* {th:classappend,data-th-classappend}] [1100]: org.thymeleaf.standard.processor.StandardClassappendTagProcessor
[THYMELEAF]             * [* {th:styleappend,data-th-styleappend}] [1100]: org.thymeleaf.standard.processor.StandardStyleappendTagProcessor
[THYMELEAF]             * [* {th:text,data-th-text}] [1300]: org.thymeleaf.standard.processor.StandardTextTagProcessor
[THYMELEAF]             * [* {th:utext,data-th-utext}] [1400]: org.thymeleaf.standard.processor.StandardUtextTagProcessor
[THYMELEAF]             * [* {th:fragment,data-th-fragment}] [1500]: org.thymeleaf.standard.processor.StandardFragmentTagProcessor
[THYMELEAF]             * [* {th:assert,data-th-assert}] [1550]: org.thymeleaf.standard.processor.StandardAssertTagProcessor
[THYMELEAF]             * [* {th:remove,data-th-remove}] [1600]: org.thymeleaf.standard.processor.StandardRemoveTagProcessor
[THYMELEAF]             * [* {th:ref,data-th-ref}] [10000]: org.thymeleaf.standard.processor.StandardRefAttributeTagProcessor
[THYMELEAF]             * [{th:block,th-block} *] [100000]: org.thymeleaf.standard.processor.StandardBlockTagProcessor
[THYMELEAF]             * [* th:*] [2147483647]: org.thymeleaf.standard.processor.StandardDefaultAttributesTagProcessor
[THYMELEAF]         * Text Processors by [precedence]:
[THYMELEAF]             * [1000]: org.thymeleaf.standard.processor.StandardInliningTextProcessor
[THYMELEAF]         * DOCTYPE Processors by [precedence]:
[THYMELEAF]             * [1000]: org.thymeleaf.standard.processor.StandardTranslationDocTypeProcessor
[THYMELEAF]         * CDATA Section Processors by [precedence]:
[THYMELEAF]             * [1000]: org.thymeleaf.standard.processor.StandardInliningCDATASectionProcessor
[THYMELEAF]         * Comment Processors by [precedence]:
[THYMELEAF]             * [1000]: org.thymeleaf.standard.processor.StandardInliningCommentProcessor
[THYMELEAF]             * [1100]: org.thymeleaf.standard.processor.StandardConditionalCommentProcessor
[THYMELEAF]     * Processors for Template Mode: XML
[THYMELEAF]         * Element Tag Processors by [matching element and attribute name] [precedence]:
[THYMELEAF]             * [* {th:include}] [100]: org.thymeleaf.standard.processor.StandardIncludeTagProcessor
[THYMELEAF]             * [* {th:insert}] [100]: org.thymeleaf.standard.processor.StandardInsertTagProcessor
[THYMELEAF]             * [* {th:replace}] [100]: org.thymeleaf.standard.processor.StandardReplaceTagProcessor
[THYMELEAF]             * [* {th:each}] [200]: com.intuit.karate.template.KarateEachTagProcessor
[THYMELEAF]             * [* {th:switch}] [250]: org.thymeleaf.standard.processor.StandardSwitchTagProcessor
[THYMELEAF]             * [* {th:case}] [275]: org.thymeleaf.standard.processor.StandardCaseTagProcessor
[THYMELEAF]             * [* {th:if}] [300]: org.thymeleaf.standard.processor.StandardIfTagProcessor
[THYMELEAF]             * [* {th:unless}] [400]: org.thymeleaf.standard.processor.StandardUnlessTagProcessor
[THYMELEAF]             * [* {th:object}] [500]: org.thymeleaf.standard.processor.StandardObjectTagProcessor
[THYMELEAF]             * [* {th:with}] [600]: com.intuit.karate.template.KarateWithTagProcessor
[THYMELEAF]             * [* {th:attr}] [700]: com.intuit.karate.template.KarateAttributeTagProcessor.KarateAttrTagProcessor
[THYMELEAF]             * [* {th:attrappend}] [900]: com.intuit.karate.template.KarateAttributeTagProcessor.KarateAttrappendTagProcessor
[THYMELEAF]             * [* {th:attrprepend}] [900]: com.intuit.karate.template.KarateAttributeTagProcessor.KarateAttrprependTagProcessor
[THYMELEAF]             * [* {th:inline}] [1000]: org.thymeleaf.standard.processor.StandardInlineXMLTagProcessor
[THYMELEAF]             * [* {xmlns:th}] [1000]: org.thymeleaf.standard.processor.StandardXmlNsTagProcessor
[THYMELEAF]             * [* {th:text}] [1300]: org.thymeleaf.standard.processor.StandardTextTagProcessor
[THYMELEAF]             * [* {th:utext}] [1400]: org.thymeleaf.standard.processor.StandardUtextTagProcessor
[THYMELEAF]             * [* {th:fragment}] [1500]: org.thymeleaf.standard.processor.StandardFragmentTagProcessor
[THYMELEAF]             * [* {th:assert}] [1550]: org.thymeleaf.standard.processor.StandardAssertTagProcessor
[THYMELEAF]             * [* {th:remove}] [1600]: org.thymeleaf.standard.processor.StandardRemoveTagProcessor
[THYMELEAF]             * [* {th:ref}] [10000]: org.thymeleaf.standard.processor.StandardRefAttributeTagProcessor
[THYMELEAF]             * [{th:block} *] [100000]: org.thymeleaf.standard.processor.StandardBlockTagProcessor
[THYMELEAF]             * [* th:*] [2147483647]: org.thymeleaf.standard.processor.StandardDefaultAttributesTagProcessor
[THYMELEAF]         * Text Processors by [precedence]:
[THYMELEAF]             * [1000]: org.thymeleaf.standard.processor.StandardInliningTextProcessor
[THYMELEAF]         * CDATA Section Processors by [precedence]:
[THYMELEAF]             * [1000]: org.thymeleaf.standard.processor.StandardInliningCDATASectionProcessor
[THYMELEAF]         * Comment Processors by [precedence]:
[THYMELEAF]             * [1000]: org.thymeleaf.standard.processor.StandardInliningCommentProcessor
[THYMELEAF]     * Processors for Template Mode: TEXT
[THYMELEAF]         * Element Tag Processors by [matching element and attribute name] [precedence]:
[THYMELEAF]             * [* {th:insert}] [100]: org.thymeleaf.standard.processor.StandardInsertTagProcessor
[THYMELEAF]             * [* {th:replace}] [100]: org.thymeleaf.standard.processor.StandardReplaceTagProcessor
[THYMELEAF]             * [* {th:each}] [200]: com.intuit.karate.template.KarateEachTagProcessor
[THYMELEAF]             * [* {th:switch}] [250]: org.thymeleaf.standard.processor.StandardSwitchTagProcessor
[THYMELEAF]             * [* {th:case}] [275]: org.thymeleaf.standard.processor.StandardCaseTagProcessor
[THYMELEAF]             * [* {th:if}] [300]: org.thymeleaf.standard.processor.StandardIfTagProcessor
[THYMELEAF]             * [* {th:unless}] [400]: org.thymeleaf.standard.processor.StandardUnlessTagProcessor
[THYMELEAF]             * [* {th:object}] [500]: org.thymeleaf.standard.processor.StandardObjectTagProcessor
[THYMELEAF]             * [* {th:with}] [600]: com.intuit.karate.template.KarateWithTagProcessor
[THYMELEAF]             * [* {th:inline}] [1000]: org.thymeleaf.standard.processor.StandardInlineTextualTagProcessor
[THYMELEAF]             * [* {th:text}] [1300]: org.thymeleaf.standard.processor.StandardTextTagProcessor
[THYMELEAF]             * [* {th:utext}] [1400]: org.thymeleaf.standard.processor.StandardUtextTagProcessor
[THYMELEAF]             * [* {th:assert}] [1550]: org.thymeleaf.standard.processor.StandardAssertTagProcessor
[THYMELEAF]             * [* {th:remove}] [1600]: org.thymeleaf.standard.processor.StandardRemoveTagProcessor
[THYMELEAF]             * [* 100000] [org.thymeleaf.standard.processor.StandardBlockTagProcessor]: {}
[THYMELEAF]             * [{th:block} *] [100000]: org.thymeleaf.standard.processor.StandardBlockTagProcessor
[THYMELEAF]         * Text Processors by [precedence]:
[THYMELEAF]             * [1000]: org.thymeleaf.standard.processor.StandardInliningTextProcessor
[THYMELEAF]     * Processors for Template Mode: JAVASCRIPT
[THYMELEAF]         * Element Tag Processors by [matching element and attribute name] [precedence]:
[THYMELEAF]             * [* {th:insert}] [100]: org.thymeleaf.standard.processor.StandardInsertTagProcessor
[THYMELEAF]             * [* {th:replace}] [100]: org.thymeleaf.standard.processor.StandardReplaceTagProcessor
[THYMELEAF]             * [* {th:each}] [200]: com.intuit.karate.template.KarateEachTagProcessor
[THYMELEAF]             * [* {th:switch}] [250]: org.thymeleaf.standard.processor.StandardSwitchTagProcessor
[THYMELEAF]             * [* {th:case}] [275]: org.thymeleaf.standard.processor.StandardCaseTagProcessor
[THYMELEAF]             * [* {th:if}] [300]: org.thymeleaf.standard.processor.StandardIfTagProcessor
[THYMELEAF]             * [* {th:unless}] [400]: org.thymeleaf.standard.processor.StandardUnlessTagProcessor
[THYMELEAF]             * [* {th:object}] [500]: org.thymeleaf.standard.processor.StandardObjectTagProcessor
[THYMELEAF]             * [* {th:with}] [600]: com.intuit.karate.template.KarateWithTagProcessor
[THYMELEAF]             * [* {th:inline}] [1000]: org.thymeleaf.standard.processor.StandardInlineTextualTagProcessor
[THYMELEAF]             * [* {th:text}] [1300]: org.thymeleaf.standard.processor.StandardTextTagProcessor
[THYMELEAF]             * [* {th:utext}] [1400]: org.thymeleaf.standard.processor.StandardUtextTagProcessor
[THYMELEAF]             * [* {th:assert}] [1550]: org.thymeleaf.standard.processor.StandardAssertTagProcessor
[THYMELEAF]             * [* {th:remove}] [1600]: org.thymeleaf.standard.processor.StandardRemoveTagProcessor
[THYMELEAF]             * [{th:block} *] [100000]: org.thymeleaf.standard.processor.StandardBlockTagProcessor
[THYMELEAF]             * [* 100000] [org.thymeleaf.standard.processor.StandardBlockTagProcessor]: {}
[THYMELEAF]         * Text Processors by [precedence]:
[THYMELEAF]             * [1000]: org.thymeleaf.standard.processor.StandardInliningTextProcessor
[THYMELEAF]     * Processors for Template Mode: CSS
[THYMELEAF]         * Element Tag Processors by [matching element and attribute name] [precedence]:
[THYMELEAF]             * [* {th:insert}] [100]: org.thymeleaf.standard.processor.StandardInsertTagProcessor
[THYMELEAF]             * [* {th:replace}] [100]: org.thymeleaf.standard.processor.StandardReplaceTagProcessor
[THYMELEAF]             * [* {th:each}] [200]: com.intuit.karate.template.KarateEachTagProcessor
[THYMELEAF]             * [* {th:switch}] [250]: org.thymeleaf.standard.processor.StandardSwitchTagProcessor
[THYMELEAF]             * [* {th:case}] [275]: org.thymeleaf.standard.processor.StandardCaseTagProcessor
[THYMELEAF]             * [* {th:if}] [300]: org.thymeleaf.standard.processor.StandardIfTagProcessor
[THYMELEAF]             * [* {th:unless}] [400]: org.thymeleaf.standard.processor.StandardUnlessTagProcessor
[THYMELEAF]             * [* {th:object}] [500]: org.thymeleaf.standard.processor.StandardObjectTagProcessor
[THYMELEAF]             * [* {th:with}] [600]: com.intuit.karate.template.KarateWithTagProcessor
[THYMELEAF]             * [* {th:inline}] [1000]: org.thymeleaf.standard.processor.StandardInlineTextualTagProcessor
[THYMELEAF]             * [* {th:text}] [1300]: org.thymeleaf.standard.processor.StandardTextTagProcessor
[THYMELEAF]             * [* {th:utext}] [1400]: org.thymeleaf.standard.processor.StandardUtextTagProcessor
[THYMELEAF]             * [* {th:assert}] [1550]: org.thymeleaf.standard.processor.StandardAssertTagProcessor
[THYMELEAF]             * [* {th:remove}] [1600]: org.thymeleaf.standard.processor.StandardRemoveTagProcessor
[THYMELEAF]             * [* 100000] [org.thymeleaf.standard.processor.StandardBlockTagProcessor]: {}
[THYMELEAF]             * [{th:block} *] [100000]: org.thymeleaf.standard.processor.StandardBlockTagProcessor
[THYMELEAF]         * Text Processors by [precedence]:
[THYMELEAF]             * [1000]: org.thymeleaf.standard.processor.StandardInliningTextProcessor
[THYMELEAF]     * Expression Objects:
[THYMELEAF]         * #ctx
[THYMELEAF]         * #root
[THYMELEAF]         * #vars
[THYMELEAF]         * #object
[THYMELEAF]         * #locale
[THYMELEAF]         * #conversions
[THYMELEAF]         * #uris
[THYMELEAF]         * #temporals
[THYMELEAF]         * #calendars
[THYMELEAF]         * #dates
[THYMELEAF]         * #bools
[THYMELEAF]         * #numbers
[THYMELEAF]         * #objects
[THYMELEAF]         * #strings
[THYMELEAF]         * #arrays
[THYMELEAF]         * #lists
[THYMELEAF]         * #sets
[THYMELEAF]         * #maps
[THYMELEAF]         * #aggregates
[THYMELEAF]         * #messages
[THYMELEAF]         * #ids
[THYMELEAF]         * #execInfo
[THYMELEAF]         * #request
[THYMELEAF]         * #response
[THYMELEAF]         * #session
[THYMELEAF]         * #servletContext
[THYMELEAF]     * Execution Attributes:
[THYMELEAF]         * "StandardExpressionParser": com.intuit.karate.template.KarateStandardDialect@2328ec73
[THYMELEAF]         * "StandardJavaScriptSerializer": org.thymeleaf.standard.serializer.StandardJavaScriptSerializer@2ecdcfe3
[THYMELEAF]         * "StandardCSSSerializer": org.thymeleaf.standard.serializer.StandardCSSSerializer@65b73689
[THYMELEAF]         * "StandardVariableExpressionEvaluator": com.intuit.karate.template.KarateStandardDialect@2328ec73
[THYMELEAF]         * "StandardConversionService": org.thymeleaf.standard.expression.StandardConversionService@2047adea
[THYMELEAF] * Dialect [2 of 2]: karate (com.intuit.karate.template.KarateScriptDialect)
[THYMELEAF]     * Prefix: "ka"
[THYMELEAF]     * Processors for Template Mode: HTML
[THYMELEAF]         * Element Tag Processors by [matching element and attribute name] [precedence]:
[THYMELEAF]             * [* {src}] [1000]: com.intuit.karate.template.KaScriptAttrProcessor
[THYMELEAF]         * Element Model Processors by [matching element and attribute name] [precedence]:
[THYMELEAF]             * [{script} {ka:scope,data-ka-scope}] [1000]: com.intuit.karate.template.KaScriptElemProcessor
[THYMELEAF]             * [* {ka:set,data-ka-set}] [1000]: com.intuit.karate.template.KaSetElemProcessor
[THYMELEAF] TEMPLATE ENGINE CONFIGURED OK
13:53:56.850 [main] DEBUG org.thymeleaf.TemplateEngine -- [THYMELEAF] TEMPLATE ENGINE INITIALIZED

HTML report: (paste into browser to view) | Karate version: 1.4.1
file:///Users/whiz/Documents/Reto/Kata_Agile_Testing_Projects/Apis/target/karate-reports/karate-summary.html
===================================================================

]]></system-out>
  </testcase>
</testsuite>